2025-12-30T19:06:27.568401 INFO === CISA VULNRICHMENT GIT SYNC STARTED ===
2025-12-30T19:06:27.568725 INFO Repository: https://github.com/cisagov/vulnrichment.git
2025-12-30T19:06:27.568784 INFO Branch: develop
2025-12-30T19:06:27.568828 INFO Local path: /workspaces/-cpes_csv/cisa_vulnrichment/data/vulnrichment_repo
2025-12-30T19:06:27.568867 INFO Log file: /workspaces/-cpes_csv/cisa_vulnrichment/logs/vulnrichment_git_download_2025-12-30_190627.log
2025-12-30T19:06:27.701768 INFO Local repository exists - syncing with origin
2025-12-30T19:06:39.176276 INFO Total CVE JSON files: 124556
2025-12-30T19:06:39.307536 INFO Processed 100 files...
2025-12-30T19:06:39.400949 INFO Processed 200 files...
2025-12-30T19:06:39.484474 INFO Processed 300 files...
2025-12-30T19:06:39.560585 INFO Processed 400 files...
2025-12-30T19:06:39.634647 INFO Processed 500 files...
2025-12-30T19:06:39.719866 INFO Processed 600 files...
2025-12-30T19:06:39.787392 INFO Processed 700 files...
2025-12-30T19:06:39.934965 INFO Processed 800 files...
2025-12-30T19:06:40.009447 INFO Processed 900 files...
2025-12-30T19:06:40.098245 INFO Processed 1000 files...
2025-12-30T19:06:40.164446 INFO Processed 1100 files...
2025-12-30T19:06:40.221231 INFO Processed 1200 files...
2025-12-30T19:06:40.310455 INFO Processed 1300 files...
2025-12-30T19:06:40.377947 INFO Processed 1400 files...
2025-12-30T19:06:40.440443 INFO Processed 1500 files...
2025-12-30T19:06:40.501975 INFO Processed 1600 files...
2025-12-30T19:06:40.574552 INFO Processed 1700 files...
2025-12-30T19:06:40.667128 INFO Processed 1800 files...
2025-12-30T19:06:40.741538 INFO Processed 1900 files...
2025-12-30T19:06:40.823888 INFO Processed 2000 files...
2025-12-30T19:06:40.919759 INFO Processed 2100 files...
2025-12-30T19:06:40.960796 INFO Processed 2200 files...
2025-12-30T19:06:41.042857 INFO Processed 2300 files...
2025-12-30T19:06:41.116759 INFO Processed 2400 files...
2025-12-30T19:06:41.202664 INFO Processed 2500 files...
2025-12-30T19:06:41.268483 INFO Processed 2600 files...
2025-12-30T19:06:41.346923 INFO Processed 2700 files...
2025-12-30T19:06:41.420776 INFO Processed 2800 files...
2025-12-30T19:06:41.591427 INFO Processed 2900 files...
2025-12-30T19:06:41.657203 INFO Processed 3000 files...
2025-12-30T19:06:41.707639 INFO Processed 3100 files...
2025-12-30T19:06:41.724692 INFO Processed 3200 files...
2025-12-30T19:06:41.791553 INFO Processed 3300 files...
2025-12-30T19:06:41.863790 INFO Processed 3400 files...
2025-12-30T19:06:41.923163 INFO Processed 3500 files...
2025-12-30T19:06:42.014013 INFO Processed 3600 files...
2025-12-30T19:06:42.099953 INFO Processed 3700 files...
2025-12-30T19:06:42.200285 INFO Processed 3800 files...
2025-12-30T19:06:42.291561 INFO Processed 3900 files...
2025-12-30T19:06:42.406087 INFO Processed 4000 files...
2025-12-30T19:06:42.538517 INFO Processed 4100 files...
2025-12-30T19:06:42.622060 INFO Processed 4200 files...
2025-12-30T19:06:42.697369 INFO Processed 4300 files...
2025-12-30T19:06:42.763778 INFO Processed 4400 files...
2025-12-30T19:06:42.840753 INFO Processed 4500 files...
2025-12-30T19:06:42.926561 INFO Processed 4600 files...
2025-12-30T19:06:43.009876 INFO Processed 4700 files...
2025-12-30T19:06:43.115107 INFO Processed 4800 files...
2025-12-30T19:06:43.191086 INFO Processed 4900 files...
2025-12-30T19:06:43.333455 INFO Processed 5000 files...
2025-12-30T19:06:43.459911 INFO Processed 5100 files...
2025-12-30T19:06:43.554623 INFO Processed 5200 files...
2025-12-30T19:06:43.633581 INFO Processed 5300 files...
2025-12-30T19:06:43.693126 INFO Processed 5400 files...
2025-12-30T19:06:43.759897 INFO Processed 5500 files...
2025-12-30T19:06:43.819305 INFO Processed 5600 files...
2025-12-30T19:06:43.873680 INFO Processed 5700 files...
2025-12-30T19:06:43.933253 INFO Processed 5800 files...
2025-12-30T19:06:44.016416 INFO Processed 5900 files...
2025-12-30T19:06:44.099602 INFO Processed 6000 files...
2025-12-30T19:06:44.209267 INFO Processed 6100 files...
2025-12-30T19:06:44.279505 INFO Processed 6200 files...
2025-12-30T19:06:44.374186 INFO Processed 6300 files...
2025-12-30T19:06:44.436374 INFO Processed 6400 files...
2025-12-30T19:06:44.538904 INFO Processed 6500 files...
2025-12-30T19:06:44.594873 INFO Processed 6600 files...
2025-12-30T19:06:44.662472 INFO Processed 6700 files...
2025-12-30T19:06:44.746793 INFO Processed 6800 files...
2025-12-30T19:06:44.857153 INFO Processed 6900 files...
2025-12-30T19:06:44.872537 INFO Processed 7000 files...
2025-12-30T19:06:44.992780 INFO Processed 7100 files...
2025-12-30T19:06:45.066437 INFO Processed 7200 files...
2025-12-30T19:06:45.163504 INFO Processed 7300 files...
2025-12-30T19:06:45.245047 INFO Processed 7400 files...
2025-12-30T19:06:45.356924 INFO Processed 7500 files...
2025-12-30T19:06:45.409106 INFO Processed 7600 files...
2025-12-30T19:06:45.466325 INFO Processed 7700 files...
2025-12-30T19:06:45.542667 INFO Processed 7800 files...
2025-12-30T19:06:45.665801 INFO Processed 7900 files...
2025-12-30T19:06:45.693076 INFO Processed 8000 files...
2025-12-30T19:06:45.764716 INFO Processed 8100 files...
2025-12-30T19:06:45.861724 INFO Processed 8200 files...
2025-12-30T19:06:45.944642 INFO Processed 8300 files...
2025-12-30T19:06:46.036377 INFO Processed 8400 files...
2025-12-30T19:06:46.125219 INFO Processed 8500 files...
2025-12-30T19:06:46.203566 INFO Processed 8600 files...
2025-12-30T19:06:46.283322 INFO Processed 8700 files...
2025-12-30T19:06:46.373284 INFO Processed 8800 files...
2025-12-30T19:06:46.439884 INFO Processed 8900 files...
2025-12-30T19:06:46.533370 INFO Processed 9000 files...
2025-12-30T19:06:46.640472 INFO Processed 9100 files...
2025-12-30T19:06:46.708754 INFO Processed 9200 files...
2025-12-30T19:06:46.781040 INFO Processed 9300 files...
2025-12-30T19:06:46.851434 INFO Processed 9400 files...
2025-12-30T19:06:46.944163 INFO Processed 9500 files...
2025-12-30T19:06:47.020491 INFO Processed 9600 files...
2025-12-30T19:06:47.132038 INFO Processed 9700 files...
2025-12-30T19:06:47.198698 INFO Processed 9800 files...
2025-12-30T19:06:47.260069 INFO Processed 9900 files...
2025-12-30T19:06:47.335721 INFO Processed 10000 files...
2025-12-30T19:06:47.415756 INFO Processed 10100 files...
2025-12-30T19:06:47.455535 INFO Processed 10200 files...
2025-12-30T19:06:47.540804 INFO Processed 10300 files...
2025-12-30T19:06:47.626004 INFO Processed 10400 files...
2025-12-30T19:06:47.715735 INFO Processed 10500 files...
2025-12-30T19:06:47.782106 INFO Processed 10600 files...
2025-12-30T19:06:47.841596 INFO Processed 10700 files...
2025-12-30T19:06:47.911155 INFO Processed 10800 files...
2025-12-30T19:06:47.967949 INFO Processed 10900 files...
2025-12-30T19:06:48.025693 INFO Processed 11000 files...
2025-12-30T19:06:48.097078 INFO Processed 11100 files...
2025-12-30T19:06:48.189010 INFO Processed 11200 files...
2025-12-30T19:06:48.258228 INFO Processed 11300 files...
2025-12-30T19:06:48.333749 INFO Processed 11400 files...
2025-12-30T19:06:48.399436 INFO Processed 11500 files...
2025-12-30T19:06:48.428493 INFO Processed 11600 files...
2025-12-30T19:06:48.506896 INFO Processed 11700 files...
2025-12-30T19:06:48.571189 INFO Processed 11800 files...
2025-12-30T19:06:48.670746 INFO Processed 11900 files...
2025-12-30T19:06:48.773200 INFO Processed 12000 files...
2025-12-30T19:06:48.842596 INFO Processed 12100 files...
2025-12-30T19:06:48.919378 INFO Processed 12200 files...
2025-12-30T19:06:48.946696 INFO Processed 12300 files...
2025-12-30T19:06:49.111071 INFO Processed 12400 files...
2025-12-30T19:06:49.186555 INFO Processed 12500 files...
2025-12-30T19:06:49.217196 INFO Processed 12600 files...
2025-12-30T19:06:49.353859 INFO Processed 12700 files...
2025-12-30T19:06:49.497211 INFO Processed 12800 files...
2025-12-30T19:06:49.562864 INFO Processed 12900 files...
2025-12-30T19:06:49.628251 INFO Processed 13000 files...
2025-12-30T19:06:49.656028 INFO Processed 13100 files...
2025-12-30T19:06:49.709364 INFO Processed 13200 files...
2025-12-30T19:06:49.828565 INFO Processed 13300 files...
2025-12-30T19:06:49.901771 INFO Processed 13400 files...
2025-12-30T19:06:49.923304 INFO Processed 13500 files...
2025-12-30T19:06:49.996023 INFO Processed 13600 files...
2025-12-30T19:06:50.025501 INFO Processed 13700 files...
2025-12-30T19:06:50.079195 INFO Processed 13800 files...
2025-12-30T19:06:50.140780 INFO Processed 13900 files...
2025-12-30T19:06:50.236882 INFO Processed 14000 files...
2025-12-30T19:06:50.349586 INFO Processed 14100 files...
2025-12-30T19:06:50.488910 INFO Processed 14200 files...
2025-12-30T19:06:50.543901 INFO Processed 14300 files...
2025-12-30T19:06:50.728469 INFO Processed 14400 files...
2025-12-30T19:06:50.757666 INFO Processed 14500 files...
2025-12-30T19:06:50.868822 INFO Processed 14600 files...
2025-12-30T19:06:50.918463 INFO Processed 14700 files...
2025-12-30T19:06:51.009743 INFO Processed 14800 files...
2025-12-30T19:06:51.026694 INFO Processed 14900 files...
2025-12-30T19:06:51.157539 INFO Processed 15000 files...
2025-12-30T19:06:51.181828 INFO Processed 15100 files...
2025-12-30T19:06:51.252494 INFO Processed 15200 files...
2025-12-30T19:06:51.347410 INFO Processed 15300 files...
2025-12-30T19:06:51.465875 INFO Processed 15400 files...
2025-12-30T19:06:51.667636 INFO Processed 15500 files...
2025-12-30T19:06:51.700557 INFO Processed 15600 files...
2025-12-30T19:06:51.778467 INFO Processed 15700 files...
2025-12-30T19:06:51.848243 INFO Processed 15800 files...
2025-12-30T19:06:51.971162 INFO Processed 15900 files...
2025-12-30T19:06:52.042751 INFO Processed 16000 files...
2025-12-30T19:06:52.079122 INFO Processed 16100 files...
2025-12-30T19:06:52.186263 INFO Processed 16200 files...
2025-12-30T19:06:52.224977 INFO Processed 16300 files...
2025-12-30T19:06:52.302720 INFO Processed 16400 files...
2025-12-30T19:06:52.382747 INFO Processed 16500 files...
2025-12-30T19:06:52.462503 INFO Processed 16600 files...
2025-12-30T19:06:52.515909 INFO Processed 16700 files...
2025-12-30T19:06:52.609604 INFO Processed 16800 files...
2025-12-30T19:06:52.659755 INFO Processed 16900 files...
2025-12-30T19:06:52.749777 INFO Processed 17000 files...
2025-12-30T19:06:52.843187 INFO Processed 17100 files...
2025-12-30T19:06:52.910837 INFO Processed 17200 files...
2025-12-30T19:06:52.969564 INFO Processed 17300 files...
2025-12-30T19:06:53.037858 INFO Processed 17400 files...
2025-12-30T19:06:53.067974 INFO Processed 17500 files...
2025-12-30T19:06:53.285422 INFO Processed 17600 files...
2025-12-30T19:06:53.603528 INFO Processed 17700 files...
2025-12-30T19:06:53.671263 INFO Processed 17800 files...
2025-12-30T19:06:53.734404 INFO Processed 17900 files...
2025-12-30T19:06:53.763264 INFO Processed 18000 files...
2025-12-30T19:06:53.837116 INFO Processed 18100 files...
2025-12-30T19:06:53.922033 INFO Processed 18200 files...
2025-12-30T19:06:54.006734 INFO Processed 18300 files...
2025-12-30T19:06:54.043813 INFO Processed 18400 files...
2025-12-30T19:06:54.105827 INFO Processed 18500 files...
2025-12-30T19:06:54.165287 INFO Processed 18600 files...
2025-12-30T19:06:54.255620 INFO Processed 18700 files...
2025-12-30T19:06:54.319045 INFO Processed 18800 files...
2025-12-30T19:06:54.349103 INFO Processed 18900 files...
2025-12-30T19:06:54.436906 INFO Processed 19000 files...
2025-12-30T19:06:54.514687 INFO Processed 19100 files...
2025-12-30T19:06:54.581654 INFO Processed 19200 files...
2025-12-30T19:06:54.607700 INFO Processed 19300 files...
2025-12-30T19:06:54.671455 INFO Processed 19400 files...
2025-12-30T19:06:54.735790 INFO Processed 19500 files...
2025-12-30T19:06:54.752030 INFO Processed 19600 files...
2025-12-30T19:06:54.810523 INFO Processed 19700 files...
2025-12-30T19:06:54.899776 INFO Processed 19800 files...
2025-12-30T19:06:54.962421 INFO Processed 19900 files...
2025-12-30T19:06:55.016813 INFO Processed 20000 files...
2025-12-30T19:06:55.090362 INFO Processed 20100 files...
2025-12-30T19:06:55.172085 INFO Processed 20200 files...
2025-12-30T19:06:55.206795 INFO Processed 20300 files...
2025-12-30T19:06:55.557739 INFO Processed 20400 files...
2025-12-30T19:06:55.633850 INFO Processed 20500 files...
2025-12-30T19:06:55.683237 INFO Processed 20600 files...
2025-12-30T19:06:55.968685 INFO Processed 20700 files...
2025-12-30T19:06:55.985381 INFO Processed 20800 files...
2025-12-30T19:06:56.063850 INFO Processed 20900 files...
2025-12-30T19:06:56.158221 INFO Processed 21000 files...
2025-12-30T19:06:56.243530 INFO Processed 21100 files...
2025-12-30T19:06:56.302442 INFO Processed 21200 files...
2025-12-30T19:06:56.341684 INFO Processed 21300 files...
2025-12-30T19:06:56.422712 INFO Processed 21400 files...
2025-12-30T19:06:56.494754 INFO Processed 21500 files...
2025-12-30T19:06:56.527429 INFO Processed 21600 files...
2025-12-30T19:06:56.614793 INFO Processed 21700 files...
2025-12-30T19:06:56.686956 INFO Processed 21800 files...
2025-12-30T19:06:56.731395 INFO Processed 21900 files...
2025-12-30T19:06:56.792655 INFO Processed 22000 files...
2025-12-30T19:06:56.823811 INFO Processed 22100 files...
2025-12-30T19:06:56.874313 INFO Processed 22200 files...
2025-12-30T19:06:56.888817 INFO Processed 22300 files...
2025-12-30T19:06:56.965098 INFO Processed 22400 files...
2025-12-30T19:06:57.020420 INFO Processed 22500 files...
2025-12-30T19:06:57.074518 INFO Processed 22600 files...
2025-12-30T19:06:57.109603 INFO Processed 22700 files...
2025-12-30T19:06:57.182874 INFO Processed 22800 files...
2025-12-30T19:06:57.203401 INFO Processed 22900 files...
2025-12-30T19:06:57.262891 INFO Processed 23000 files...
2025-12-30T19:06:57.339960 INFO Processed 23100 files...
2025-12-30T19:06:57.375141 INFO Processed 23200 files...
2025-12-30T19:06:57.458632 INFO Processed 23300 files...
2025-12-30T19:06:57.475588 INFO Processed 23400 files...
2025-12-30T19:06:57.549827 INFO Processed 23500 files...
2025-12-30T19:06:57.573615 INFO Processed 23600 files...
2025-12-30T19:06:57.665492 INFO Processed 23700 files...
2025-12-30T19:06:57.772815 INFO Processed 23800 files...
2025-12-30T19:06:57.805200 INFO Processed 23900 files...
2025-12-30T19:06:57.870472 INFO Processed 24000 files...
2025-12-30T19:06:57.899696 INFO Processed 24100 files...
2025-12-30T19:06:58.081813 INFO Processed 24200 files...
2025-12-30T19:06:58.154009 INFO Processed 24300 files...
2025-12-30T19:06:58.168685 INFO Processed 24400 files...
2025-12-30T19:06:58.246574 INFO Processed 24500 files...
2025-12-30T19:06:58.263431 INFO Processed 24600 files...
2025-12-30T19:06:58.342749 INFO Processed 24700 files...
2025-12-30T19:06:58.393018 INFO Processed 24800 files...
2025-12-30T19:06:58.429251 INFO Processed 24900 files...
2025-12-30T19:06:58.484884 INFO Processed 25000 files...
2025-12-30T19:06:58.567096 INFO Processed 25100 files...
2025-12-30T19:06:58.687281 INFO Processed 25200 files...
2025-12-30T19:06:58.752874 INFO Processed 25300 files...
2025-12-30T19:06:58.819925 INFO Processed 25400 files...
2025-12-30T19:06:58.859478 INFO Processed 25500 files...
2025-12-30T19:06:59.000495 INFO Processed 25600 files...
2025-12-30T19:06:59.074421 INFO Processed 25700 files...
2025-12-30T19:06:59.138862 INFO Processed 25800 files...
2025-12-30T19:06:59.172044 INFO Processed 25900 files...
2025-12-30T19:06:59.280261 INFO Processed 26000 files...
2025-12-30T19:06:59.349847 INFO Processed 26100 files...
2025-12-30T19:06:59.376535 INFO Processed 26200 files...
2025-12-30T19:06:59.449140 INFO Processed 26300 files...
2025-12-30T19:06:59.522444 INFO Processed 26400 files...
2025-12-30T19:06:59.576483 INFO Processed 26500 files...
2025-12-30T19:06:59.699092 INFO Processed 26600 files...
2025-12-30T19:06:59.768115 INFO Processed 26700 files...
2025-12-30T19:06:59.850160 INFO Processed 26800 files...
2025-12-30T19:06:59.900562 INFO Processed 26900 files...
2025-12-30T19:06:59.982131 INFO Processed 27000 files...
2025-12-30T19:07:00.062813 INFO Processed 27100 files...
2025-12-30T19:07:00.120476 INFO Processed 27200 files...
2025-12-30T19:07:00.170159 INFO Processed 27300 files...
2025-12-30T19:07:00.247447 INFO Processed 27400 files...
2025-12-30T19:07:00.325473 INFO Processed 27500 files...
2025-12-30T19:07:00.391411 INFO Processed 27600 files...
2025-12-30T19:07:00.430283 INFO Processed 27700 files...
2025-12-30T19:07:00.482592 INFO Processed 27800 files...
2025-12-30T19:07:00.577020 INFO Processed 27900 files...
2025-12-30T19:07:00.620371 INFO Processed 28000 files...
2025-12-30T19:07:00.672064 INFO Processed 28100 files...
2025-12-30T19:07:00.746299 INFO Processed 28200 files...
2025-12-30T19:07:00.965078 INFO Processed 28300 files...
2025-12-30T19:07:01.023923 INFO Processed 28400 files...
2025-12-30T19:07:01.045948 INFO Processed 28500 files...
2025-12-30T19:07:01.104172 INFO Processed 28600 files...
2025-12-30T19:07:01.178430 INFO Processed 28700 files...
2025-12-30T19:07:01.206455 INFO Processed 28800 files...
2025-12-30T19:07:01.222836 INFO Processed 28900 files...
2025-12-30T19:07:01.279500 INFO Processed 29000 files...
2025-12-30T19:07:01.296038 INFO Processed 29100 files...
2025-12-30T19:07:01.357217 INFO Processed 29200 files...
2025-12-30T19:07:01.461803 INFO Processed 29300 files...
2025-12-30T19:07:01.613897 INFO Processed 29400 files...
2025-12-30T19:07:01.643258 INFO Processed 29500 files...
2025-12-30T19:07:01.724398 INFO Processed 29600 files...
2025-12-30T19:07:01.783929 INFO Processed 29700 files...
2025-12-30T19:07:01.936837 INFO Processed 29800 files...
2025-12-30T19:07:01.955434 INFO Processed 29900 files...
2025-12-30T19:07:02.019234 INFO Processed 30000 files...
2025-12-30T19:07:02.116481 INFO Processed 30100 files...
2025-12-30T19:07:02.132415 INFO Processed 30200 files...
2025-12-30T19:07:02.190135 INFO Processed 30300 files...
2025-12-30T19:07:02.249603 INFO Processed 30400 files...
2025-12-30T19:07:02.325881 INFO Processed 30500 files...
2025-12-30T19:07:02.351697 INFO Processed 30600 files...
2025-12-30T19:07:02.440150 INFO Processed 30700 files...
2025-12-30T19:07:02.514563 INFO Processed 30800 files...
2025-12-30T19:07:02.582761 INFO Processed 30900 files...
2025-12-30T19:07:02.598537 INFO Processed 31000 files...
2025-12-30T19:07:02.666913 INFO Processed 31100 files...
2025-12-30T19:07:02.688480 INFO Processed 31200 files...
2025-12-30T19:07:02.738865 INFO Processed 31300 files...
2025-12-30T19:07:02.814452 INFO Processed 31400 files...
2025-12-30T19:07:02.879534 INFO Processed 31500 files...
2025-12-30T19:07:02.948950 INFO Processed 31600 files...
2025-12-30T19:07:02.976163 INFO Processed 31700 files...
2025-12-30T19:07:03.038583 INFO Processed 31800 files...
2025-12-30T19:07:03.128107 INFO Processed 31900 files...
2025-12-30T19:07:03.156015 INFO Processed 32000 files...
2025-12-30T19:07:03.230537 INFO Processed 32100 files...
2025-12-30T19:07:03.300867 INFO Processed 32200 files...
2025-12-30T19:07:03.372991 INFO Processed 32300 files...
2025-12-30T19:07:03.416666 INFO Processed 32400 files...
2025-12-30T19:07:03.486705 INFO Processed 32500 files...
2025-12-30T19:07:03.563952 INFO Processed 32600 files...
2025-12-30T19:07:03.585729 INFO Processed 32700 files...
2025-12-30T19:07:03.648963 INFO Processed 32800 files...
2025-12-30T19:07:03.667023 INFO Processed 32900 files...
2025-12-30T19:07:03.741515 INFO Processed 33000 files...
2025-12-30T19:07:03.811572 INFO Processed 33100 files...
2025-12-30T19:07:03.839530 INFO Processed 33200 files...
2025-12-30T19:07:03.904668 INFO Processed 33300 files...
2025-12-30T19:07:03.956997 INFO Processed 33400 files...
2025-12-30T19:07:03.994298 INFO Processed 33500 files...
2025-12-30T19:07:04.063098 INFO Processed 33600 files...
2025-12-30T19:07:04.143587 INFO Processed 33700 files...
2025-12-30T19:07:04.211182 INFO Processed 33800 files...
2025-12-30T19:07:04.321670 INFO Processed 33900 files...
2025-12-30T19:07:04.460502 INFO Processed 34000 files...
2025-12-30T19:07:04.530394 INFO Processed 34100 files...
2025-12-30T19:07:04.620755 INFO Processed 34200 files...
2025-12-30T19:07:04.712189 INFO Processed 34300 files...
2025-12-30T19:07:04.742703 INFO Processed 34400 files...
2025-12-30T19:07:04.799986 INFO Processed 34500 files...
2025-12-30T19:07:04.886250 INFO Processed 34600 files...
2025-12-30T19:07:04.958659 INFO Processed 34700 files...
2025-12-30T19:07:04.982486 INFO Processed 34800 files...
2025-12-30T19:07:05.039786 INFO Processed 34900 files...
2025-12-30T19:07:05.103413 INFO Processed 35000 files...
2025-12-30T19:07:05.121744 INFO Processed 35100 files...
2025-12-30T19:07:05.205431 INFO Processed 35200 files...
2025-12-30T19:07:05.269372 INFO Processed 35300 files...
2025-12-30T19:07:05.327204 INFO Processed 35400 files...
2025-12-30T19:07:05.358148 INFO Processed 35500 files...
2025-12-30T19:07:05.473439 INFO Processed 35600 files...
2025-12-30T19:07:05.498794 INFO Processed 35700 files...
2025-12-30T19:07:05.559046 INFO Processed 35800 files...
2025-12-30T19:07:05.578444 INFO Processed 35900 files...
2025-12-30T19:07:05.633071 INFO Processed 36000 files...
2025-12-30T19:07:05.707244 INFO Processed 36100 files...
2025-12-30T19:07:05.727882 INFO Processed 36200 files...
2025-12-30T19:07:05.815245 INFO Processed 36300 files...
2025-12-30T19:07:05.892727 INFO Processed 36400 files...
2025-12-30T19:07:05.922903 INFO Processed 36500 files...
2025-12-30T19:07:05.992827 INFO Processed 36600 files...
2025-12-30T19:07:06.040089 INFO Processed 36700 files...
2025-12-30T19:07:06.076062 INFO Processed 36800 files...
2025-12-30T19:07:06.164721 INFO Processed 36900 files...
2025-12-30T19:07:06.228042 INFO Processed 37000 files...
2025-12-30T19:07:06.288302 INFO Processed 37100 files...
2025-12-30T19:07:06.308077 INFO Processed 37200 files...
2025-12-30T19:07:06.339990 INFO Processed 37300 files...
2025-12-30T19:07:06.411030 INFO Processed 37400 files...
2025-12-30T19:07:06.585982 INFO Processed 37500 files...
2025-12-30T19:07:08.342320 INFO Processed 37600 files...
2025-12-30T19:07:08.472918 INFO Processed 37700 files...
2025-12-30T19:07:08.570822 INFO Processed 37800 files...
2025-12-30T19:07:08.603667 INFO Processed 37900 files...
2025-12-30T19:07:08.687715 INFO Processed 38000 files...
2025-12-30T19:07:08.720818 INFO Processed 38100 files...
2025-12-30T19:07:08.777067 INFO Processed 38200 files...
2025-12-30T19:07:08.875121 INFO Processed 38300 files...
2025-12-30T19:07:08.944060 INFO Processed 38400 files...
2025-12-30T19:07:08.961598 INFO Processed 38500 files...
2025-12-30T19:07:09.022028 INFO Processed 38600 files...
2025-12-30T19:07:09.058413 INFO Processed 38700 files...
2025-12-30T19:07:09.159166 INFO Processed 38800 files...
2025-12-30T19:07:09.279972 INFO Processed 38900 files...
2025-12-30T19:07:09.376723 INFO Processed 39000 files...
2025-12-30T19:07:09.440363 INFO Processed 39100 files...
2025-12-30T19:07:09.526050 INFO Processed 39200 files...
2025-12-30T19:07:09.546807 INFO Processed 39300 files...
2025-12-30T19:07:09.601967 INFO Processed 39400 files...
2025-12-30T19:07:09.663440 INFO Processed 39500 files...
2025-12-30T19:07:09.731106 INFO Processed 39600 files...
2025-12-30T19:07:09.807346 INFO Processed 39700 files...
2025-12-30T19:07:09.877150 INFO Processed 39800 files...
2025-12-30T19:07:09.891961 INFO Processed 39900 files...
2025-12-30T19:07:09.950878 INFO Processed 40000 files...
2025-12-30T19:07:10.008825 INFO Processed 40100 files...
2025-12-30T19:07:10.037610 INFO Processed 40200 files...
2025-12-30T19:07:10.132039 INFO Processed 40300 files...
2025-12-30T19:07:10.156416 INFO Processed 40400 files...
2025-12-30T19:07:10.236465 INFO Processed 40500 files...
2025-12-30T19:07:10.306523 INFO Processed 40600 files...
2025-12-30T19:07:10.397932 INFO Processed 40700 files...
2025-12-30T19:07:10.423351 INFO Processed 40800 files...
2025-12-30T19:07:10.509373 INFO Processed 40900 files...
2025-12-30T19:07:10.594862 INFO Processed 41000 files...
2025-12-30T19:07:10.618874 INFO Processed 41100 files...
2025-12-30T19:07:10.696673 INFO Processed 41200 files...
2025-12-30T19:07:10.725719 INFO Processed 41300 files...
2025-12-30T19:07:10.800202 INFO Processed 41400 files...
2025-12-30T19:07:10.873486 INFO Processed 41500 files...
2025-12-30T19:07:10.892587 INFO Processed 41600 files...
2025-12-30T19:07:10.910071 INFO Processed 41700 files...
2025-12-30T19:07:11.014727 INFO Processed 41800 files...
2025-12-30T19:07:11.037919 INFO Processed 41900 files...
2025-12-30T19:07:11.141233 INFO Processed 42000 files...
2025-12-30T19:07:11.201788 INFO Processed 42100 files...
2025-12-30T19:07:11.305524 INFO Processed 42200 files...
2025-12-30T19:07:11.369670 INFO Processed 42300 files...
2025-12-30T19:07:11.430067 INFO Processed 42400 files...
2025-12-30T19:07:11.466941 INFO Processed 42500 files...
2025-12-30T19:07:11.531817 INFO Processed 42600 files...
2025-12-30T19:07:11.581895 INFO Processed 42700 files...
2025-12-30T19:07:11.610817 INFO Processed 42800 files...
2025-12-30T19:07:11.682759 INFO Processed 42900 files...
2025-12-30T19:07:11.741407 INFO Processed 43000 files...
2025-12-30T19:07:11.778090 INFO Processed 43100 files...
2025-12-30T19:07:11.838002 INFO Processed 43200 files...
2025-12-30T19:07:11.868969 INFO Processed 43300 files...
2025-12-30T19:07:11.967152 INFO Processed 43400 files...
2025-12-30T19:07:12.028359 INFO Processed 43500 files...
2025-12-30T19:07:12.071443 INFO Processed 43600 files...
2025-12-30T19:07:12.145919 INFO Processed 43700 files...
2025-12-30T19:07:12.216743 INFO Processed 43800 files...
2025-12-30T19:07:12.235579 INFO Processed 43900 files...
2025-12-30T19:07:12.297915 INFO Processed 44000 files...
2025-12-30T19:07:12.358715 INFO Processed 44100 files...
2025-12-30T19:07:12.397437 INFO Processed 44200 files...
2025-12-30T19:07:12.490379 INFO Processed 44300 files...
2025-12-30T19:07:12.548376 INFO Processed 44400 files...
2025-12-30T19:07:13.085006 INFO Processed 44500 files...
2025-12-30T19:07:13.104437 INFO Processed 44600 files...
2025-12-30T19:07:13.187625 INFO Processed 44700 files...
2025-12-30T19:07:13.242394 INFO Processed 44800 files...
2025-12-30T19:07:13.283878 INFO Processed 44900 files...
2025-12-30T19:07:13.397779 INFO Processed 45000 files...
2025-12-30T19:07:13.545639 INFO Processed 45100 files...
2025-12-30T19:07:13.628076 INFO Processed 45200 files...
2025-12-30T19:07:13.663731 INFO Processed 45300 files...
2025-12-30T19:07:13.728291 INFO Processed 45400 files...
2025-12-30T19:07:13.822889 INFO Processed 45500 files...
2025-12-30T19:07:13.841842 INFO Processed 45600 files...
2025-12-30T19:07:13.943188 INFO Processed 45700 files...
2025-12-30T19:07:14.003903 INFO Processed 45800 files...
2025-12-30T19:07:14.027807 INFO Processed 45900 files...
2025-12-30T19:07:14.096483 INFO Processed 46000 files...
2025-12-30T19:07:14.146645 INFO Processed 46100 files...
2025-12-30T19:07:14.170454 INFO Processed 46200 files...
2025-12-30T19:07:14.253013 INFO Processed 46300 files...
2025-12-30T19:07:14.341966 INFO Processed 46400 files...
2025-12-30T19:07:14.371427 INFO Processed 46500 files...
2025-12-30T19:07:14.461356 INFO Processed 46600 files...
2025-12-30T19:07:14.530586 INFO Processed 46700 files...
2025-12-30T19:07:14.561921 INFO Processed 46800 files...
2025-12-30T19:07:14.643404 INFO Processed 46900 files...
2025-12-30T19:07:14.705112 INFO Processed 47000 files...
2025-12-30T19:07:14.746018 INFO Processed 47100 files...
2025-12-30T19:07:14.778028 INFO Processed 47200 files...
2025-12-30T19:07:14.847389 INFO Processed 47300 files...
2025-12-30T19:07:14.915948 INFO Processed 47400 files...
2025-12-30T19:07:14.940945 INFO Processed 47500 files...
2025-12-30T19:07:15.027714 INFO Processed 47600 files...
2025-12-30T19:07:15.088380 INFO Processed 47700 files...
2025-12-30T19:07:15.170497 INFO Processed 47800 files...
2025-12-30T19:07:15.245178 INFO Processed 47900 files...
2025-12-30T19:07:15.276906 INFO Processed 48000 files...
2025-12-30T19:07:15.335320 INFO Processed 48100 files...
2025-12-30T19:07:15.400312 INFO Processed 48200 files...
2025-12-30T19:07:15.466492 INFO Processed 48300 files...
2025-12-30T19:07:15.529745 INFO Processed 48400 files...
2025-12-30T19:07:15.565941 INFO Processed 48500 files...
2025-12-30T19:07:15.637442 INFO Processed 48600 files...
2025-12-30T19:07:15.681062 INFO Processed 48700 files...
2025-12-30T19:07:15.717272 INFO Processed 48800 files...
2025-12-30T19:07:15.815228 INFO Processed 48900 files...
2025-12-30T19:07:15.885708 INFO Processed 49000 files...
2025-12-30T19:07:15.921496 INFO Processed 49100 files...
2025-12-30T19:07:16.007247 INFO Processed 49200 files...
2025-12-30T19:07:16.055082 INFO Processed 49300 files...
2025-12-30T19:07:16.121800 INFO Processed 49400 files...
2025-12-30T19:07:16.183598 INFO Processed 49500 files...
2025-12-30T19:07:16.252281 INFO Processed 49600 files...
2025-12-30T19:07:16.305963 INFO Processed 49700 files...
2025-12-30T19:07:16.376237 INFO Processed 49800 files...
2025-12-30T19:07:16.396517 INFO Processed 49900 files...
2025-12-30T19:07:16.487161 INFO Processed 50000 files...
2025-12-30T19:07:16.595354 INFO Processed 50100 files...
2025-12-30T19:07:16.663403 INFO Processed 50200 files...
2025-12-30T19:07:16.735416 INFO Processed 50300 files...
2025-12-30T19:07:16.811786 INFO Processed 50400 files...
2025-12-30T19:07:16.897595 INFO Processed 50500 files...
2025-12-30T19:07:16.977216 INFO Processed 50600 files...
2025-12-30T19:07:17.013704 INFO Processed 50700 files...
2025-12-30T19:07:17.082681 INFO Processed 50800 files...
2025-12-30T19:07:17.175693 INFO Processed 50900 files...
2025-12-30T19:07:17.246717 INFO Processed 51000 files...
2025-12-30T19:07:17.337623 INFO Processed 51100 files...
2025-12-30T19:07:17.399316 INFO Processed 51200 files...
2025-12-30T19:07:17.433663 INFO Processed 51300 files...
2025-12-30T19:07:17.505539 INFO Processed 51400 files...
2025-12-30T19:07:17.595831 INFO Processed 51500 files...
2025-12-30T19:07:17.677983 INFO Processed 51600 files...
2025-12-30T19:07:17.723000 INFO Processed 51700 files...
2025-12-30T19:07:17.753359 INFO Processed 51800 files...
2025-12-30T19:07:17.831733 INFO Processed 51900 files...
2025-12-30T19:07:17.904050 INFO Processed 52000 files...
2025-12-30T19:07:17.967393 INFO Processed 52100 files...
2025-12-30T19:07:18.033549 INFO Processed 52200 files...
2025-12-30T19:07:18.101722 INFO Processed 52300 files...
2025-12-30T19:07:18.131061 INFO Processed 52400 files...
2025-12-30T19:07:18.236032 INFO Processed 52500 files...
2025-12-30T19:07:18.253157 INFO Processed 52600 files...
2025-12-30T19:07:18.337309 INFO Processed 52700 files...
2025-12-30T19:07:18.424043 INFO Processed 52800 files...
2025-12-30T19:07:18.479232 INFO Processed 52900 files...
2025-12-30T19:07:18.511679 INFO Processed 53000 files...
2025-12-30T19:07:18.620415 INFO Processed 53100 files...
2025-12-30T19:07:18.637400 INFO Processed 53200 files...
2025-12-30T19:07:18.671401 INFO Processed 53300 files...
2025-12-30T19:07:18.748567 INFO Processed 53400 files...
2025-12-30T19:07:18.772806 INFO Processed 53500 files...
2025-12-30T19:07:18.864946 INFO Processed 53600 files...
2025-12-30T19:07:18.922031 INFO Processed 53700 files...
2025-12-30T19:07:18.959079 INFO Processed 53800 files...
2025-12-30T19:07:19.017086 INFO Processed 53900 files...
2025-12-30T19:07:19.068117 INFO Processed 54000 files...
2025-12-30T19:07:19.091231 INFO Processed 54100 files...
2025-12-30T19:07:19.168928 INFO Processed 54200 files...
2025-12-30T19:07:19.192673 INFO Processed 54300 files...
2025-12-30T19:07:19.257770 INFO Processed 54400 files...
2025-12-30T19:07:19.391176 INFO Processed 54500 files...
2025-12-30T19:07:19.435869 INFO Processed 54600 files...
2025-12-30T19:07:19.510973 INFO Processed 54700 files...
2025-12-30T19:07:19.538375 INFO Processed 54800 files...
2025-12-30T19:07:19.606745 INFO Processed 54900 files...
2025-12-30T19:07:19.626406 INFO Processed 55000 files...
2025-12-30T19:07:19.741268 INFO Processed 55100 files...
2025-12-30T19:07:19.805041 INFO Processed 55200 files...
2025-12-30T19:07:19.867322 INFO Processed 55300 files...
2025-12-30T19:07:19.908632 INFO Processed 55400 files...
2025-12-30T19:07:19.983778 INFO Processed 55500 files...
2025-12-30T19:07:20.005355 INFO Processed 55600 files...
2025-12-30T19:07:20.051079 INFO Processed 55700 files...
2025-12-30T19:07:20.098689 INFO Processed 55800 files...
2025-12-30T19:07:20.116904 INFO Processed 55900 files...
2025-12-30T19:07:20.240324 INFO Processed 56000 files...
2025-12-30T19:07:20.310871 INFO Processed 56100 files...
2025-12-30T19:07:20.369741 INFO Processed 56200 files...
2025-12-30T19:07:20.428733 INFO Processed 56300 files...
2025-12-30T19:07:20.465145 INFO Processed 56400 files...
2025-12-30T19:07:20.544598 INFO Processed 56500 files...
2025-12-30T19:07:20.616014 INFO Processed 56600 files...
2025-12-30T19:07:20.688700 INFO Processed 56700 files...
2025-12-30T19:07:20.748861 INFO Processed 56800 files...
2025-12-30T19:07:20.788287 INFO Processed 56900 files...
2025-12-30T19:07:20.868845 INFO Processed 57000 files...
2025-12-30T19:07:20.995449 INFO Processed 57100 files...
2025-12-30T19:07:21.196494 INFO Processed 57200 files...
2025-12-30T19:07:22.012206 INFO Processed 57300 files...
2025-12-30T19:07:22.185765 INFO Processed 57400 files...
2025-12-30T19:07:22.253013 INFO Processed 57500 files...
2025-12-30T19:07:22.280414 INFO Processed 57600 files...
2025-12-30T19:07:22.357237 INFO Processed 57700 files...
2025-12-30T19:07:22.435664 INFO Processed 57800 files...
2025-12-30T19:07:22.455988 INFO Processed 57900 files...
2025-12-30T19:07:22.521528 INFO Processed 58000 files...
2025-12-30T19:07:22.645203 INFO Processed 58100 files...
2025-12-30T19:07:22.805569 INFO Processed 58200 files...
2025-12-30T19:07:22.903791 INFO Processed 58300 files...
2025-12-30T19:07:22.988355 INFO Processed 58400 files...
2025-12-30T19:07:23.064702 INFO Processed 58500 files...
2025-12-30T19:07:23.170021 INFO Processed 58600 files...
2025-12-30T19:07:23.212961 INFO Processed 58700 files...
2025-12-30T19:07:23.249112 INFO Processed 58800 files...
2025-12-30T19:07:23.326432 INFO Processed 58900 files...
2025-12-30T19:07:23.401171 INFO Processed 59000 files...
2025-12-30T19:07:23.427124 INFO Processed 59100 files...
2025-12-30T19:07:23.576943 INFO Processed 59200 files...
2025-12-30T19:07:23.604856 INFO Processed 59300 files...
2025-12-30T19:07:23.846970 INFO Processed 59400 files...
2025-12-30T19:07:23.864873 INFO Processed 59500 files...
2025-12-30T19:07:23.919036 INFO Processed 59600 files...
2025-12-30T19:07:23.982426 INFO Processed 59700 files...
2025-12-30T19:07:24.043221 INFO Processed 59800 files...
2025-12-30T19:07:24.067592 INFO Processed 59900 files...
2025-12-30T19:07:24.140853 INFO Processed 60000 files...
2025-12-30T19:07:24.182112 INFO Processed 60100 files...
2025-12-30T19:07:24.211208 INFO Processed 60200 files...
2025-12-30T19:07:24.268363 INFO Processed 60300 files...
2025-12-30T19:07:24.336674 INFO Processed 60400 files...
2025-12-30T19:07:24.389315 INFO Processed 60500 files...
2025-12-30T19:07:24.426226 INFO Processed 60600 files...
2025-12-30T19:07:24.493137 INFO Processed 60700 files...
2025-12-30T19:07:24.559415 INFO Processed 60800 files...
2025-12-30T19:07:24.602156 INFO Processed 60900 files...
2025-12-30T19:07:24.679847 INFO Processed 61000 files...
2025-12-30T19:07:24.734476 INFO Processed 61100 files...
2025-12-30T19:07:24.794746 INFO Processed 61200 files...
2025-12-30T19:07:24.877907 INFO Processed 61300 files...
2025-12-30T19:07:24.949623 INFO Processed 61400 files...
2025-12-30T19:07:25.025898 INFO Processed 61500 files...
2025-12-30T19:07:25.114628 INFO Processed 61600 files...
2025-12-30T19:07:25.248260 INFO Processed 61700 files...
2025-12-30T19:07:25.375018 INFO Processed 61800 files...
2025-12-30T19:07:25.508670 INFO Processed 61900 files...
2025-12-30T19:07:25.617650 INFO Processed 62000 files...
2025-12-30T19:07:25.679784 INFO Processed 62100 files...
2025-12-30T19:07:25.698346 INFO Processed 62200 files...
2025-12-30T19:07:25.780121 INFO Processed 62300 files...
2025-12-30T19:07:25.854293 INFO Processed 62400 files...
2025-12-30T19:07:25.927059 INFO Processed 62500 files...
2025-12-30T19:07:25.992873 INFO Processed 62600 files...
2025-12-30T19:07:26.025900 INFO Processed 62700 files...
2025-12-30T19:07:26.078962 INFO Processed 62800 files...
2025-12-30T19:07:26.149758 INFO Processed 62900 files...
2025-12-30T19:07:26.247079 INFO Processed 63000 files...
2025-12-30T19:07:26.315264 INFO Processed 63100 files...
2025-12-30T19:07:26.358644 INFO Processed 63200 files...
2025-12-30T19:07:26.435233 INFO Processed 63300 files...
2025-12-30T19:07:26.497414 INFO Processed 63400 files...
2025-12-30T19:07:26.527687 INFO Processed 63500 files...
2025-12-30T19:07:26.586780 INFO Processed 63600 files...
2025-12-30T19:07:26.657397 INFO Processed 63700 files...
2025-12-30T19:07:26.691777 INFO Processed 63800 files...
2025-12-30T19:07:26.786727 INFO Processed 63900 files...
2025-12-30T19:07:26.818963 INFO Processed 64000 files...
2025-12-30T19:07:26.867502 INFO Processed 64100 files...
2025-12-30T19:07:26.958309 INFO Processed 64200 files...
2025-12-30T19:07:27.016747 INFO Processed 64300 files...
2025-12-30T19:07:27.092438 INFO Processed 64400 files...
2025-12-30T19:07:27.154257 INFO Processed 64500 files...
2025-12-30T19:07:27.247746 INFO Processed 64600 files...
2025-12-30T19:07:27.304234 INFO Processed 64700 files...
2025-12-30T19:07:27.365566 INFO Processed 64800 files...
2025-12-30T19:07:27.400584 INFO Processed 64900 files...
2025-12-30T19:07:27.474757 INFO Processed 65000 files...
2025-12-30T19:07:27.548193 INFO Processed 65100 files...
2025-12-30T19:07:27.634981 INFO Processed 65200 files...
2025-12-30T19:07:27.711825 INFO Processed 65300 files...
2025-12-30T19:07:27.755149 INFO Processed 65400 files...
2025-12-30T19:07:27.823436 INFO Processed 65500 files...
2025-12-30T19:07:27.895944 INFO Processed 65600 files...
2025-12-30T19:07:27.957601 INFO Processed 65700 files...
2025-12-30T19:07:27.987010 INFO Processed 65800 files...
2025-12-30T19:07:28.060061 INFO Processed 65900 files...
2025-12-30T19:07:28.118413 INFO Processed 66000 files...
2025-12-30T19:07:28.144837 INFO Processed 66100 files...
2025-12-30T19:07:28.205904 INFO Processed 66200 files...
2025-12-30T19:07:28.270455 INFO Processed 66300 files...
2025-12-30T19:07:28.319108 INFO Processed 66400 files...
2025-12-30T19:07:28.347994 INFO Processed 66500 files...
2025-12-30T19:07:28.423550 INFO Processed 66600 files...
2025-12-30T19:07:28.810786 INFO Processed 66700 files...
2025-12-30T19:07:28.907086 INFO Processed 66800 files...
2025-12-30T19:07:28.940915 INFO Processed 66900 files...
2025-12-30T19:07:29.025531 INFO Processed 67000 files...
2025-12-30T19:07:29.045249 INFO Processed 67100 files...
2025-12-30T19:07:29.112934 INFO Processed 67200 files...
2025-12-30T19:07:29.190521 INFO Processed 67300 files...
2025-12-30T19:07:29.238378 INFO Processed 67400 files...
2025-12-30T19:07:29.265826 INFO Processed 67500 files...
2025-12-30T19:07:29.314417 INFO Processed 67600 files...
2025-12-30T19:07:29.355818 INFO Processed 67700 files...
2025-12-30T19:07:29.381550 INFO Processed 67800 files...
2025-12-30T19:07:29.458697 INFO Processed 67900 files...
2025-12-30T19:07:29.504213 INFO Processed 68000 files...
2025-12-30T19:07:29.578717 INFO Processed 68100 files...
2025-12-30T19:07:29.723475 INFO Processed 68200 files...
2025-12-30T19:07:29.788599 INFO Processed 68300 files...
2025-12-30T19:07:29.816674 INFO Processed 68400 files...
2025-12-30T19:07:29.904877 INFO Processed 68500 files...
2025-12-30T19:07:29.999940 INFO Processed 68600 files...
2025-12-30T19:07:30.088256 INFO Processed 68700 files...
2025-12-30T19:07:30.165898 INFO Processed 68800 files...
2025-12-30T19:07:30.243946 INFO Processed 68900 files...
2025-12-30T19:07:30.340053 INFO Processed 69000 files...
2025-12-30T19:07:30.357848 INFO Processed 69100 files...
2025-12-30T19:07:30.415856 INFO Processed 69200 files...
2025-12-30T19:07:30.499498 INFO Processed 69300 files...
2025-12-30T19:07:30.585892 INFO Processed 69400 files...
2025-12-30T19:07:30.692039 INFO Processed 69500 files...
2025-12-30T19:07:30.775000 INFO Processed 69600 files...
2025-12-30T19:07:30.808363 INFO Processed 69700 files...
2025-12-30T19:07:30.873392 INFO Processed 69800 files...
2025-12-30T19:07:30.951420 INFO Processed 69900 files...
2025-12-30T19:07:30.975145 INFO Processed 70000 files...
2025-12-30T19:07:31.113177 INFO Processed 70100 files...
2025-12-30T19:07:31.219611 INFO Processed 70200 files...
2025-12-30T19:07:31.297140 INFO Processed 70300 files...
2025-12-30T19:07:31.373564 INFO Processed 70400 files...
2025-12-30T19:07:31.639230 INFO Processed 70500 files...
2025-12-30T19:07:31.710906 INFO Processed 70600 files...
2025-12-30T19:07:31.857101 INFO Processed 70700 files...
2025-12-30T19:07:31.969485 INFO Processed 70800 files...
2025-12-30T19:07:32.044617 INFO Processed 70900 files...
2025-12-30T19:07:32.130216 INFO Processed 71000 files...
2025-12-30T19:07:32.184989 INFO Processed 71100 files...
2025-12-30T19:07:32.282054 INFO Processed 71200 files...
2025-12-30T19:07:32.356812 INFO Processed 71300 files...
2025-12-30T19:07:32.419504 INFO Processed 71400 files...
2025-12-30T19:07:32.502824 INFO Processed 71500 files...
2025-12-30T19:07:32.543425 INFO Processed 71600 files...
2025-12-30T19:07:32.628112 INFO Processed 71700 files...
2025-12-30T19:07:32.735263 INFO Processed 71800 files...
2025-12-30T19:07:32.816183 INFO Processed 71900 files...
2025-12-30T19:07:32.917181 INFO Processed 72000 files...
2025-12-30T19:07:32.961402 INFO Processed 72100 files...
2025-12-30T19:07:33.033345 INFO Processed 72200 files...
2025-12-30T19:07:33.091123 INFO Processed 72300 files...
2025-12-30T19:07:33.175377 INFO Processed 72400 files...
2025-12-30T19:07:33.269754 INFO Processed 72500 files...
2025-12-30T19:07:33.307610 INFO Processed 72600 files...
2025-12-30T19:07:33.353580 INFO Processed 72700 files...
2025-12-30T19:07:33.378961 INFO Processed 72800 files...
2025-12-30T19:07:33.448400 INFO Processed 72900 files...
2025-12-30T19:07:33.509140 INFO Processed 73000 files...
2025-12-30T19:07:33.532374 INFO Processed 73100 files...
2025-12-30T19:07:33.599411 INFO Processed 73200 files...
2025-12-30T19:07:33.627807 INFO Processed 73300 files...
2025-12-30T19:07:33.693244 INFO Processed 73400 files...
2025-12-30T19:07:33.713502 INFO Processed 73500 files...
2025-12-30T19:07:33.783287 INFO Processed 73600 files...
2025-12-30T19:07:33.844269 INFO Processed 73700 files...
2025-12-30T19:07:33.914355 INFO Processed 73800 files...
2025-12-30T19:07:33.976810 INFO Processed 73900 files...
2025-12-30T19:07:34.039712 INFO Processed 74000 files...
2025-12-30T19:07:34.071091 INFO Processed 74100 files...
2025-12-30T19:07:34.140014 INFO Processed 74200 files...
2025-12-30T19:07:34.157752 INFO Processed 74300 files...
2025-12-30T19:07:34.212701 INFO Processed 74400 files...
2025-12-30T19:07:34.267628 INFO Processed 74500 files...
2025-12-30T19:07:34.303700 INFO Processed 74600 files...
2025-12-30T19:07:34.396411 INFO Processed 74700 files...
2025-12-30T19:07:34.498793 INFO Processed 74800 files...
2025-12-30T19:07:34.604848 INFO Processed 74900 files...
2025-12-30T19:07:34.695489 INFO Processed 75000 files...
2025-12-30T19:07:34.730662 INFO Processed 75100 files...
2025-12-30T19:07:34.804108 INFO Processed 75200 files...
2025-12-30T19:07:34.863899 INFO Processed 75300 files...
2025-12-30T19:07:34.934898 INFO Processed 75400 files...
2025-12-30T19:07:34.971232 INFO Processed 75500 files...
2025-12-30T19:07:35.073470 INFO Processed 75600 files...
2025-12-30T19:07:35.092320 INFO Processed 75700 files...
2025-12-30T19:07:35.192028 INFO Processed 75800 files...
2025-12-30T19:07:35.255138 INFO Processed 75900 files...
2025-12-30T19:07:35.283408 INFO Processed 76000 files...
2025-12-30T19:07:35.356278 INFO Processed 76100 files...
2025-12-30T19:07:35.441569 INFO Processed 76200 files...
2025-12-30T19:07:35.524867 INFO Processed 76300 files...
2025-12-30T19:07:35.549559 INFO Processed 76400 files...
2025-12-30T19:07:35.612225 INFO Processed 76500 files...
2025-12-30T19:07:35.691094 INFO Processed 76600 files...
2025-12-30T19:07:35.718074 INFO Processed 76700 files...
2025-12-30T19:07:35.761844 INFO Processed 76800 files...
2025-12-30T19:07:35.797800 INFO Processed 76900 files...
2025-12-30T19:07:35.858584 INFO Processed 77000 files...
2025-12-30T19:07:35.947848 INFO Processed 77100 files...
2025-12-30T19:07:36.023551 INFO Processed 77200 files...
2025-12-30T19:07:36.064125 INFO Processed 77300 files...
2025-12-30T19:07:36.193831 INFO Processed 77400 files...
2025-12-30T19:07:36.280788 INFO Processed 77500 files...
2025-12-30T19:07:36.366436 INFO Processed 77600 files...
2025-12-30T19:07:36.445988 INFO Processed 77700 files...
2025-12-30T19:07:36.475552 INFO Processed 77800 files...
2025-12-30T19:07:36.565818 INFO Processed 77900 files...
2025-12-30T19:07:36.631665 INFO Processed 78000 files...
2025-12-30T19:07:36.668714 INFO Processed 78100 files...
2025-12-30T19:07:36.688811 INFO Processed 78200 files...
2025-12-30T19:07:36.759357 INFO Processed 78300 files...
2025-12-30T19:07:36.823283 INFO Processed 78400 files...
2025-12-30T19:07:36.892654 INFO Processed 78500 files...
2025-12-30T19:07:36.956299 INFO Processed 78600 files...
2025-12-30T19:07:37.009967 INFO Processed 78700 files...
2025-12-30T19:07:37.044881 INFO Processed 78800 files...
2025-12-30T19:07:37.145684 INFO Processed 78900 files...
2025-12-30T19:07:37.229722 INFO Processed 79000 files...
2025-12-30T19:07:37.329812 INFO Processed 79100 files...
2025-12-30T19:07:37.394521 INFO Processed 79200 files...
2025-12-30T19:07:37.476941 INFO Processed 79300 files...
2025-12-30T19:07:37.508007 INFO Processed 79400 files...
2025-12-30T19:07:37.572031 INFO Processed 79500 files...
2025-12-30T19:07:37.694827 INFO Processed 79600 files...
2025-12-30T19:07:37.787047 INFO Processed 79700 files...
2025-12-30T19:07:37.873800 INFO Processed 79800 files...
2025-12-30T19:07:37.920819 INFO Processed 79900 files...
2025-12-30T19:07:37.990865 INFO Processed 80000 files...
2025-12-30T19:07:38.046680 INFO Processed 80100 files...
2025-12-30T19:07:38.119686 INFO Processed 80200 files...
2025-12-30T19:07:38.216096 INFO Processed 80300 files...
2025-12-30T19:07:38.285569 INFO Processed 80400 files...
2025-12-30T19:07:38.375762 INFO Processed 80500 files...
2025-12-30T19:07:38.405968 INFO Processed 80600 files...
2025-12-30T19:07:38.471380 INFO Processed 80700 files...
2025-12-30T19:07:38.488807 INFO Processed 80800 files...
2025-12-30T19:07:38.546935 INFO Processed 80900 files...
2025-12-30T19:07:38.582364 INFO Processed 81000 files...
2025-12-30T19:07:38.637812 INFO Processed 81100 files...
2025-12-30T19:07:38.706908 INFO Processed 81200 files...
2025-12-30T19:07:38.749386 INFO Processed 81300 files...
2025-12-30T19:07:39.019818 INFO Processed 81400 files...
2025-12-30T19:07:39.103295 INFO Processed 81500 files...
2025-12-30T19:07:39.165493 INFO Processed 81600 files...
2025-12-30T19:07:39.224418 INFO Processed 81700 files...
2025-12-30T19:07:39.264448 INFO Processed 81800 files...
2025-12-30T19:07:39.325967 INFO Processed 81900 files...
2025-12-30T19:07:39.410616 INFO Processed 82000 files...
2025-12-30T19:07:39.483101 INFO Processed 82100 files...
2025-12-30T19:07:39.511002 INFO Processed 82200 files...
2025-12-30T19:07:39.576633 INFO Processed 82300 files...
2025-12-30T19:07:39.644203 INFO Processed 82400 files...
2025-12-30T19:07:39.668831 INFO Processed 82500 files...
2025-12-30T19:07:39.739958 INFO Processed 82600 files...
2025-12-30T19:07:39.802683 INFO Processed 82700 files...
2025-12-30T19:07:39.861865 INFO Processed 82800 files...
2025-12-30T19:07:40.037016 INFO Processed 82900 files...
2025-12-30T19:07:40.138706 INFO Processed 83000 files...
2025-12-30T19:07:40.166954 INFO Processed 83100 files...
2025-12-30T19:07:40.221962 INFO Processed 83200 files...
2025-12-30T19:07:40.239243 INFO Processed 83300 files...
2025-12-30T19:07:40.319305 INFO Processed 83400 files...
2025-12-30T19:07:40.357832 INFO Processed 83500 files...
2025-12-30T19:07:40.385519 INFO Processed 83600 files...
2025-12-30T19:07:40.455610 INFO Processed 83700 files...
2025-12-30T19:07:40.523404 INFO Processed 83800 files...
2025-12-30T19:07:40.603755 INFO Processed 83900 files...
2025-12-30T19:07:40.624695 INFO Processed 84000 files...
2025-12-30T19:07:40.690744 INFO Processed 84100 files...
2025-12-30T19:07:40.711132 INFO Processed 84200 files...
2025-12-30T19:07:40.727973 INFO Processed 84300 files...
2025-12-30T19:07:40.813091 INFO Processed 84400 files...
2025-12-30T19:07:40.878291 INFO Processed 84500 files...
2025-12-30T19:07:40.969536 INFO Processed 84600 files...
2025-12-30T19:07:40.987240 INFO Processed 84700 files...
2025-12-30T19:07:41.057864 INFO Processed 84800 files...
2025-12-30T19:07:41.130711 INFO Processed 84900 files...
2025-12-30T19:07:41.192944 INFO Processed 85000 files...
2025-12-30T19:07:41.256389 INFO Processed 85100 files...
2025-12-30T19:07:41.287659 INFO Processed 85200 files...
2025-12-30T19:07:41.371265 INFO Processed 85300 files...
2025-12-30T19:07:41.466805 INFO Processed 85400 files...
2025-12-30T19:07:41.523822 INFO Processed 85500 files...
2025-12-30T19:07:41.588249 INFO Processed 85600 files...
2025-12-30T19:07:41.660945 INFO Processed 85700 files...
2025-12-30T19:07:41.697925 INFO Processed 85800 files...
2025-12-30T19:07:41.759888 INFO Processed 85900 files...
2025-12-30T19:07:41.831065 INFO Processed 86000 files...
2025-12-30T19:07:41.913148 INFO Processed 86100 files...
2025-12-30T19:07:41.929536 INFO Processed 86200 files...
2025-12-30T19:07:42.009449 INFO Processed 86300 files...
2025-12-30T19:07:42.123216 INFO Processed 86400 files...
2025-12-30T19:07:42.186821 INFO Processed 86500 files...
2025-12-30T19:07:42.218745 INFO Processed 86600 files...
2025-12-30T19:07:42.271228 INFO Processed 86700 files...
2025-12-30T19:07:42.338735 INFO Processed 86800 files...
2025-12-30T19:07:42.394644 INFO Processed 86900 files...
2025-12-30T19:07:42.422303 INFO Processed 87000 files...
2025-12-30T19:07:42.476039 INFO Processed 87100 files...
2025-12-30T19:07:42.568270 INFO Processed 87200 files...
2025-12-30T19:07:42.629193 INFO Processed 87300 files...
2025-12-30T19:07:42.663883 INFO Processed 87400 files...
2025-12-30T19:07:42.753701 INFO Processed 87500 files...
2025-12-30T19:07:42.829397 INFO Processed 87600 files...
2025-12-30T19:07:42.891111 INFO Processed 87700 files...
2025-12-30T19:07:42.919718 INFO Processed 87800 files...
2025-12-30T19:07:42.980933 INFO Processed 87900 files...
2025-12-30T19:07:43.086525 INFO Processed 88000 files...
2025-12-30T19:07:43.139629 INFO Processed 88100 files...
2025-12-30T19:07:43.159835 INFO Processed 88200 files...
2025-12-30T19:07:43.238781 INFO Processed 88300 files...
2025-12-30T19:07:43.299649 INFO Processed 88400 files...
2025-12-30T19:07:43.316137 INFO Processed 88500 files...
2025-12-30T19:07:43.392368 INFO Processed 88600 files...
2025-12-30T19:07:43.444423 INFO Processed 88700 files...
2025-12-30T19:07:43.463369 INFO Processed 88800 files...
2025-12-30T19:07:43.480715 INFO Processed 88900 files...
2025-12-30T19:07:43.575118 INFO Processed 89000 files...
2025-12-30T19:07:43.656240 INFO Processed 89100 files...
2025-12-30T19:07:43.726464 INFO Processed 89200 files...
2025-12-30T19:07:43.818704 INFO Processed 89300 files...
2025-12-30T19:07:43.846127 INFO Processed 89400 files...
2025-12-30T19:07:43.896170 INFO Processed 89500 files...
2025-12-30T19:07:43.945490 INFO Processed 89600 files...
2025-12-30T19:07:43.967946 INFO Processed 89700 files...
2025-12-30T19:07:44.035549 INFO Processed 89800 files...
2025-12-30T19:07:44.101810 INFO Processed 89900 files...
2025-12-30T19:07:44.140795 INFO Processed 90000 files...
2025-12-30T19:07:44.171864 INFO Processed 90100 files...
2025-12-30T19:07:44.248832 INFO Processed 90200 files...
2025-12-30T19:07:44.303596 INFO Processed 90300 files...
2025-12-30T19:07:44.321227 INFO Processed 90400 files...
2025-12-30T19:07:44.395565 INFO Processed 90500 files...
2025-12-30T19:07:44.458633 INFO Processed 90600 files...
2025-12-30T19:07:44.490810 INFO Processed 90700 files...
2025-12-30T19:07:44.508800 INFO Processed 90800 files...
2025-12-30T19:07:44.591964 INFO Processed 90900 files...
2025-12-30T19:07:44.670890 INFO Processed 91000 files...
2025-12-30T19:07:44.736132 INFO Processed 91100 files...
2025-12-30T19:07:44.759866 INFO Processed 91200 files...
2025-12-30T19:07:44.813694 INFO Processed 91300 files...
2025-12-30T19:07:44.883976 INFO Processed 91400 files...
2025-12-30T19:07:44.922425 INFO Processed 91500 files...
2025-12-30T19:07:44.958429 INFO Processed 91600 files...
2025-12-30T19:07:45.017833 INFO Processed 91700 files...
2025-12-30T19:07:45.033778 INFO Processed 91800 files...
2025-12-30T19:07:45.098503 INFO Processed 91900 files...
2025-12-30T19:07:45.173256 INFO Processed 92000 files...
2025-12-30T19:07:45.193546 INFO Processed 92100 files...
2025-12-30T19:07:45.282680 INFO Processed 92200 files...
2025-12-30T19:07:45.338160 INFO Processed 92300 files...
2025-12-30T19:07:45.379693 INFO Processed 92400 files...
2025-12-30T19:07:45.481315 INFO Processed 92500 files...
2025-12-30T19:07:45.541932 INFO Processed 92600 files...
2025-12-30T19:07:45.569994 INFO Processed 92700 files...
2025-12-30T19:07:45.641154 INFO Processed 92800 files...
2025-12-30T19:07:45.692437 INFO Processed 92900 files...
2025-12-30T19:07:45.710958 INFO Processed 93000 files...
2025-12-30T19:07:45.788516 INFO Processed 93100 files...
2025-12-30T19:07:45.840454 INFO Processed 93200 files...
2025-12-30T19:07:45.857359 INFO Processed 93300 files...
2025-12-30T19:07:45.927905 INFO Processed 93400 files...
2025-12-30T19:07:45.991071 INFO Processed 93500 files...
2025-12-30T19:07:46.054398 INFO Processed 93600 files...
2025-12-30T19:07:46.084825 INFO Processed 93700 files...
2025-12-30T19:07:46.147030 INFO Processed 93800 files...
2025-12-30T19:07:46.218391 INFO Processed 93900 files...
2025-12-30T19:07:46.306022 INFO Processed 94000 files...
2025-12-30T19:07:46.324588 INFO Processed 94100 files...
2025-12-30T19:07:46.382235 INFO Processed 94200 files...
2025-12-30T19:07:46.463515 INFO Processed 94300 files...
2025-12-30T19:07:46.496445 INFO Processed 94400 files...
2025-12-30T19:07:46.634454 INFO Processed 94500 files...
2025-12-30T19:07:46.668551 INFO Processed 94600 files...
2025-12-30T19:07:46.734231 INFO Processed 94700 files...
2025-12-30T19:07:46.947279 INFO Processed 94800 files...
2025-12-30T19:07:47.096180 INFO Processed 94900 files...
2025-12-30T19:07:47.179603 INFO Processed 95000 files...
2025-12-30T19:07:47.195376 INFO Processed 95100 files...
2025-12-30T19:07:47.240083 INFO Processed 95200 files...
2025-12-30T19:07:47.260856 INFO Processed 95300 files...
2025-12-30T19:07:47.338747 INFO Processed 95400 files...
2025-12-30T19:07:47.435911 INFO Processed 95500 files...
2025-12-30T19:07:47.579409 INFO Processed 95600 files...
2025-12-30T19:07:47.693467 INFO Processed 95700 files...
2025-12-30T19:07:47.733971 INFO Processed 95800 files...
2025-12-30T19:07:47.829756 INFO Processed 95900 files...
2025-12-30T19:07:47.922621 INFO Processed 96000 files...
2025-12-30T19:07:53.220722 INFO Processed 96100 files...
2025-12-30T19:07:53.294982 INFO Processed 96200 files...
2025-12-30T19:07:53.392879 INFO Processed 96300 files...
2025-12-30T19:07:53.409514 INFO Processed 96400 files...
2025-12-30T19:07:53.477161 INFO Processed 96500 files...
2025-12-30T19:07:53.534608 INFO Processed 96600 files...
2025-12-30T19:07:53.601355 INFO Processed 96700 files...
2025-12-30T19:07:53.630045 INFO Processed 96800 files...
2025-12-30T19:07:53.705808 INFO Processed 96900 files...
2025-12-30T19:07:53.724045 INFO Processed 97000 files...
2025-12-30T19:07:53.805274 INFO Processed 97100 files...
2025-12-30T19:07:53.874926 INFO Processed 97200 files...
2025-12-30T19:07:53.938439 INFO Processed 97300 files...
2025-12-30T19:07:54.008380 INFO Processed 97400 files...
2025-12-30T19:07:54.033078 INFO Processed 97500 files...
2025-12-30T19:07:54.094904 INFO Processed 97600 files...
2025-12-30T19:07:54.169761 INFO Processed 97700 files...
2025-12-30T19:07:54.241510 INFO Processed 97800 files...
2025-12-30T19:07:54.296992 INFO Processed 97900 files...
2025-12-30T19:07:54.335419 INFO Processed 98000 files...
2025-12-30T19:07:54.391489 INFO Processed 98100 files...
2025-12-30T19:07:54.452126 INFO Processed 98200 files...
2025-12-30T19:07:54.506942 INFO Processed 98300 files...
2025-12-30T19:07:54.549996 INFO Processed 98400 files...
2025-12-30T19:07:54.632056 INFO Processed 98500 files...
2025-12-30T19:07:54.697277 INFO Processed 98600 files...
2025-12-30T19:07:54.750917 INFO Processed 98700 files...
2025-12-30T19:07:54.790757 INFO Processed 98800 files...
2025-12-30T19:07:54.877302 INFO Processed 98900 files...
2025-12-30T19:07:54.898809 INFO Processed 99000 files...
2025-12-30T19:07:54.919805 INFO Processed 99100 files...
2025-12-30T19:07:54.978670 INFO Processed 99200 files...
2025-12-30T19:07:55.058939 INFO Processed 99300 files...
2025-12-30T19:07:55.133180 INFO Processed 99400 files...
2025-12-30T19:07:55.185635 INFO Processed 99500 files...
2025-12-30T19:07:55.209849 INFO Processed 99600 files...
2025-12-30T19:07:55.283248 INFO Processed 99700 files...
2025-12-30T19:07:55.424544 INFO Processed 99800 files...
2025-12-30T19:07:55.502201 INFO Processed 99900 files...
2025-12-30T19:07:55.578299 INFO Processed 100000 files...
2025-12-30T19:07:55.640989 INFO Processed 100100 files...
2025-12-30T19:07:55.674091 INFO Processed 100200 files...
2025-12-30T19:07:55.736237 INFO Processed 100300 files...
2025-12-30T19:07:55.757679 INFO Processed 100400 files...
2025-12-30T19:07:55.807010 INFO Processed 100500 files...
2025-12-30T19:07:55.869565 INFO Processed 100600 files...
2025-12-30T19:07:55.913095 INFO Processed 100700 files...
2025-12-30T19:07:55.961864 INFO Processed 100800 files...
2025-12-30T19:07:55.981157 INFO Processed 100900 files...
2025-12-30T19:07:56.061740 INFO Processed 101000 files...
2025-12-30T19:07:56.166181 INFO Processed 101100 files...
2025-12-30T19:07:56.221407 INFO Processed 101200 files...
2025-12-30T19:07:56.246192 INFO Processed 101300 files...
2025-12-30T19:07:56.320863 INFO Processed 101400 files...
2025-12-30T19:07:56.392750 INFO Processed 101500 files...
2025-12-30T19:07:56.409756 INFO Processed 101600 files...
2025-12-30T19:07:56.468954 INFO Processed 101700 files...
2025-12-30T19:07:56.520258 INFO Processed 101800 files...
2025-12-30T19:07:56.569019 INFO Processed 101900 files...
2025-12-30T19:07:56.638348 INFO Processed 102000 files...
2025-12-30T19:07:56.717383 INFO Processed 102100 files...
2025-12-30T19:07:56.774529 INFO Processed 102200 files...
2025-12-30T19:07:56.798550 INFO Processed 102300 files...
2025-12-30T19:07:56.866880 INFO Processed 102400 files...
2025-12-30T19:07:56.946172 INFO Processed 102500 files...
2025-12-30T19:07:56.999091 INFO Processed 102600 files...
2025-12-30T19:07:57.025433 INFO Processed 102700 files...
2025-12-30T19:07:57.111730 INFO Processed 102800 files...
2025-12-30T19:07:57.167847 INFO Processed 102900 files...
2025-12-30T19:07:57.231541 INFO Processed 103000 files...
2025-12-30T19:07:57.261149 INFO Processed 103100 files...
2025-12-30T19:07:57.325533 INFO Processed 103200 files...
2025-12-30T19:07:57.384763 INFO Processed 103300 files...
2025-12-30T19:07:57.436319 INFO Processed 103400 files...
2025-12-30T19:07:57.465588 INFO Processed 103500 files...
2025-12-30T19:07:57.580265 INFO Processed 103600 files...
2025-12-30T19:07:57.637843 INFO Processed 103700 files...
2025-12-30T19:07:57.708525 INFO Processed 103800 files...
2025-12-30T19:07:57.735061 INFO Processed 103900 files...
2025-12-30T19:07:57.793236 INFO Processed 104000 files...
2025-12-30T19:07:57.861747 INFO Processed 104100 files...
2025-12-30T19:07:57.938438 INFO Processed 104200 files...
2025-12-30T19:07:57.963838 INFO Processed 104300 files...
2025-12-30T19:07:58.074236 INFO Processed 104400 files...
2025-12-30T19:07:58.162492 INFO Processed 104500 files...
2025-12-30T19:07:58.237614 INFO Processed 104600 files...
2025-12-30T19:07:58.312282 INFO Processed 104700 files...
2025-12-30T19:07:58.358786 INFO Processed 104800 files...
2025-12-30T19:07:58.417936 INFO Processed 104900 files...
2025-12-30T19:07:58.480783 INFO Processed 105000 files...
2025-12-30T19:07:58.556100 INFO Processed 105100 files...
2025-12-30T19:07:58.592777 INFO Processed 105200 files...
2025-12-30T19:07:58.669781 INFO Processed 105300 files...
2025-12-30T19:07:58.737174 INFO Processed 105400 files...
2025-12-30T19:07:58.800303 INFO Processed 105500 files...
2025-12-30T19:07:58.828295 INFO Processed 105600 files...
2025-12-30T19:07:58.908433 INFO Processed 105700 files...
2025-12-30T19:07:58.987562 INFO Processed 105800 files...
2025-12-30T19:07:59.056001 INFO Processed 105900 files...
2025-12-30T19:07:59.083074 INFO Processed 106000 files...
2025-12-30T19:07:59.166526 INFO Processed 106100 files...
2025-12-30T19:07:59.238238 INFO Processed 106200 files...
2025-12-30T19:07:59.256787 INFO Processed 106300 files...
2025-12-30T19:07:59.333782 INFO Processed 106400 files...
2025-12-30T19:07:59.405839 INFO Processed 106500 files...
2025-12-30T19:07:59.458906 INFO Processed 106600 files...
2025-12-30T19:07:59.499439 INFO Processed 106700 files...
2025-12-30T19:07:59.564938 INFO Processed 106800 files...
2025-12-30T19:07:59.630617 INFO Processed 106900 files...
2025-12-30T19:07:59.683219 INFO Processed 107000 files...
2025-12-30T19:07:59.761226 INFO Processed 107100 files...
2025-12-30T19:07:59.790093 INFO Processed 107200 files...
2025-12-30T19:07:59.838057 INFO Processed 107300 files...
2025-12-30T19:07:59.911468 INFO Processed 107400 files...
2025-12-30T19:07:59.933528 INFO Processed 107500 files...
2025-12-30T19:07:59.998221 INFO Processed 107600 files...
2025-12-30T19:08:00.068133 INFO Processed 107700 files...
2025-12-30T19:08:00.085758 INFO Processed 107800 files...
2025-12-30T19:08:00.157472 INFO Processed 107900 files...
2025-12-30T19:08:00.179163 INFO Processed 108000 files...
2025-12-30T19:08:00.291692 INFO Processed 108100 files...
2025-12-30T19:08:00.334485 INFO Processed 108200 files...
2025-12-30T19:08:00.505567 INFO Processed 108300 files...
2025-12-30T19:08:00.532777 INFO Processed 108400 files...
2025-12-30T19:08:00.609009 INFO Processed 108500 files...
2025-12-30T19:08:00.672240 INFO Processed 108600 files...
2025-12-30T19:08:00.690100 INFO Processed 108700 files...
2025-12-30T19:08:00.757100 INFO Processed 108800 files...
2025-12-30T19:08:00.850065 INFO Processed 108900 files...
2025-12-30T19:08:00.939627 INFO Processed 109000 files...
2025-12-30T19:08:01.001403 INFO Processed 109100 files...
2025-12-30T19:08:01.062664 INFO Processed 109200 files...
2025-12-30T19:08:01.092537 INFO Processed 109300 files...
2025-12-30T19:08:01.152164 INFO Processed 109400 files...
2025-12-30T19:08:01.196379 INFO Processed 109500 files...
2025-12-30T19:08:01.237671 INFO Processed 109600 files...
2025-12-30T19:08:01.263636 INFO Processed 109700 files...
2025-12-30T19:08:01.328218 INFO Processed 109800 files...
2025-12-30T19:08:01.353703 INFO Processed 109900 files...
2025-12-30T19:08:01.410973 INFO Processed 110000 files...
2025-12-30T19:08:01.477067 INFO Processed 110100 files...
2025-12-30T19:08:01.510411 INFO Processed 110200 files...
2025-12-30T19:08:01.567655 INFO Processed 110300 files...
2025-12-30T19:08:01.618635 INFO Processed 110400 files...
2025-12-30T19:08:01.672238 INFO Processed 110500 files...
2025-12-30T19:08:01.722479 INFO Processed 110600 files...
2025-12-30T19:08:01.784955 INFO Processed 110700 files...
2025-12-30T19:08:01.836974 INFO Processed 110800 files...
2025-12-30T19:08:01.902314 INFO Processed 110900 files...
2025-12-30T19:08:01.976861 INFO Processed 111000 files...
2025-12-30T19:08:02.050621 INFO Processed 111100 files...
2025-12-30T19:08:02.069280 INFO Processed 111200 files...
2025-12-30T19:08:02.124753 INFO Processed 111300 files...
2025-12-30T19:08:02.196528 INFO Processed 111400 files...
2025-12-30T19:08:02.261481 INFO Processed 111500 files...
2025-12-30T19:08:02.379322 INFO Processed 111600 files...
2025-12-30T19:08:02.397592 INFO Processed 111700 files...
2025-12-30T19:08:02.469668 INFO Processed 111800 files...
2025-12-30T19:08:02.602979 INFO Processed 111900 files...
2025-12-30T19:08:02.664091 INFO Processed 112000 files...
2025-12-30T19:08:02.688528 INFO Processed 112100 files...
2025-12-30T19:08:02.790923 INFO Processed 112200 files...
2025-12-30T19:08:02.819897 INFO Processed 112300 files...
2025-12-30T19:08:02.836052 INFO Processed 112400 files...
2025-12-30T19:08:02.886961 INFO Processed 112500 files...
2025-12-30T19:08:02.945537 INFO Processed 112600 files...
2025-12-30T19:08:03.014662 INFO Processed 112700 files...
2025-12-30T19:08:03.054278 INFO Processed 112800 files...
2025-12-30T19:08:03.123985 INFO Processed 112900 files...
2025-12-30T19:08:03.142561 INFO Processed 113000 files...
2025-12-30T19:08:03.214348 INFO Processed 113100 files...
2025-12-30T19:08:03.263621 INFO Processed 113200 files...
2025-12-30T19:08:03.299755 INFO Processed 113300 files...
2025-12-30T19:08:03.369129 INFO Processed 113400 files...
2025-12-30T19:08:03.425398 INFO Processed 113500 files...
2025-12-30T19:08:03.480503 INFO Processed 113600 files...
2025-12-30T19:08:03.557984 INFO Processed 113700 files...
2025-12-30T19:08:03.592980 INFO Processed 113800 files...
2025-12-30T19:08:03.686551 INFO Processed 113900 files...
2025-12-30T19:08:03.727588 INFO Processed 114000 files...
2025-12-30T19:08:03.763128 INFO Processed 114100 files...
2025-12-30T19:08:03.836109 INFO Processed 114200 files...
2025-12-30T19:08:03.918006 INFO Processed 114300 files...
2025-12-30T19:08:03.951525 INFO Processed 114400 files...
2025-12-30T19:08:04.029778 INFO Processed 114500 files...
2025-12-30T19:08:04.090018 INFO Processed 114600 files...
2025-12-30T19:08:04.152696 INFO Processed 114700 files...
2025-12-30T19:08:04.182410 INFO Processed 114800 files...
2025-12-30T19:08:04.201019 INFO Processed 114900 files...
2025-12-30T19:08:04.219399 INFO Processed 115000 files...
2025-12-30T19:08:04.294133 INFO Processed 115100 files...
2025-12-30T19:08:04.332861 INFO Processed 115200 files...
2025-12-30T19:08:04.405951 INFO Processed 115300 files...
2025-12-30T19:08:04.457412 INFO Processed 115400 files...
2025-12-30T19:08:04.475266 INFO Processed 115500 files...
2025-12-30T19:08:04.545672 INFO Processed 115600 files...
2025-12-30T19:08:04.610785 INFO Processed 115700 files...
2025-12-30T19:08:04.650017 INFO Processed 115800 files...
2025-12-30T19:08:04.715727 INFO Processed 115900 files...
2025-12-30T19:08:04.758073 INFO Processed 116000 files...
2025-12-30T19:08:04.860039 INFO Processed 116100 files...
2025-12-30T19:08:04.925435 INFO Processed 116200 files...
2025-12-30T19:08:04.998613 INFO Processed 116300 files...
2025-12-30T19:08:05.078553 INFO Processed 116400 files...
2025-12-30T19:08:05.097292 INFO Processed 116500 files...
2025-12-30T19:08:05.194090 INFO Processed 116600 files...
2025-12-30T19:08:05.304902 INFO Processed 116700 files...
2025-12-30T19:08:05.372529 INFO Processed 116800 files...
2025-12-30T19:08:05.391296 INFO Processed 116900 files...
2025-12-30T19:08:05.457275 INFO Processed 117000 files...
2025-12-30T19:08:05.521355 INFO Processed 117100 files...
2025-12-30T19:08:05.621825 INFO Processed 117200 files...
2025-12-30T19:08:05.639256 INFO Processed 117300 files...
2025-12-30T19:08:05.702995 INFO Processed 117400 files...
2025-12-30T19:08:05.773523 INFO Processed 117500 files...
2025-12-30T19:08:05.842103 INFO Processed 117600 files...
2025-12-30T19:08:05.860485 INFO Processed 117700 files...
2025-12-30T19:08:05.935893 INFO Processed 117800 files...
2025-12-30T19:08:05.952462 INFO Processed 117900 files...
2025-12-30T19:08:05.974753 INFO Processed 118000 files...
2025-12-30T19:08:05.989458 INFO Processed 118100 files...
2025-12-30T19:08:06.056301 INFO Processed 118200 files...
2025-12-30T19:08:06.121023 INFO Processed 118300 files...
2025-12-30T19:08:06.177177 INFO Processed 118400 files...
2025-12-30T19:08:06.237380 INFO Processed 118500 files...
2025-12-30T19:08:06.273670 INFO Processed 118600 files...
2025-12-30T19:08:06.345428 INFO Processed 118700 files...
2025-12-30T19:08:06.397041 INFO Processed 118800 files...
2025-12-30T19:08:06.474497 INFO Processed 118900 files...
2025-12-30T19:08:06.504060 INFO Processed 119000 files...
2025-12-30T19:08:06.561556 INFO Processed 119100 files...
2025-12-30T19:08:06.579820 INFO Processed 119200 files...
2025-12-30T19:08:06.638944 INFO Processed 119300 files...
2025-12-30T19:08:06.667493 INFO Processed 119400 files...
2025-12-30T19:08:06.776140 INFO Processed 119500 files...
2025-12-30T19:08:06.862265 INFO Processed 119600 files...
2025-12-30T19:08:06.937868 INFO Processed 119700 files...
2025-12-30T19:08:06.974716 INFO Processed 119800 files...
2025-12-30T19:08:07.046826 INFO Processed 119900 files...
2025-12-30T19:08:07.062575 INFO Processed 120000 files...
2025-12-30T19:08:07.136535 INFO Processed 120100 files...
2025-12-30T19:08:07.209505 INFO Processed 120200 files...
2025-12-30T19:08:07.241705 INFO Processed 120300 files...
2025-12-30T19:08:07.287160 INFO Processed 120400 files...
2025-12-30T19:08:07.308961 INFO Processed 120500 files...
2025-12-30T19:08:07.383908 INFO Processed 120600 files...
2025-12-30T19:08:07.421659 INFO Processed 120700 files...
2025-12-30T19:08:07.439560 INFO Processed 120800 files...
2025-12-30T19:08:07.491426 INFO Processed 120900 files...
2025-12-30T19:08:07.551214 INFO Processed 121000 files...
2025-12-30T19:08:07.592108 INFO Processed 121100 files...
2025-12-30T19:08:07.635876 INFO Processed 121200 files...
2025-12-30T19:08:07.720655 INFO Processed 121300 files...
2025-12-30T19:08:07.788824 INFO Processed 121400 files...
2025-12-30T19:08:07.879058 INFO Processed 121500 files...
2025-12-30T19:08:07.915060 INFO Processed 121600 files...
2025-12-30T19:08:08.006322 INFO Processed 121700 files...
2025-12-30T19:08:08.067120 INFO Processed 121800 files...
2025-12-30T19:08:08.100460 INFO Processed 121900 files...
2025-12-30T19:08:08.179189 INFO Processed 122000 files...
2025-12-30T19:08:08.228142 INFO Processed 122100 files...
2025-12-30T19:08:08.248432 INFO Processed 122200 files...
2025-12-30T19:08:08.266468 INFO Processed 122300 files...
2025-12-30T19:08:08.328001 INFO Processed 122400 files...
2025-12-30T19:08:08.345553 INFO Processed 122500 files...
2025-12-30T19:08:08.399929 INFO Processed 122600 files...
2025-12-30T19:08:08.449411 INFO Processed 122700 files...
2025-12-30T19:08:08.466511 INFO Processed 122800 files...
2025-12-30T19:08:08.534612 INFO Processed 122900 files...
2025-12-30T19:08:08.597473 INFO Processed 123000 files...
2025-12-30T19:08:08.653855 INFO Processed 123100 files...
2025-12-30T19:08:08.698389 INFO Processed 123200 files...
2025-12-30T19:08:08.764154 INFO Processed 123300 files...
2025-12-30T19:08:08.864572 INFO Processed 123400 files...
2025-12-30T19:08:08.912111 INFO Processed 123500 files...
2025-12-30T19:08:09.013463 INFO Processed 123600 files...
2025-12-30T19:08:09.079041 INFO Processed 123700 files...
2025-12-30T19:08:09.100812 INFO Processed 123800 files...
2025-12-30T19:08:09.218802 INFO Processed 123900 files...
2025-12-30T19:08:09.339091 INFO Processed 124000 files...
2025-12-30T19:08:09.405840 INFO Processed 124100 files...
2025-12-30T19:08:09.472222 INFO Processed 124200 files...
2025-12-30T19:08:09.495600 INFO Processed 124300 files...
2025-12-30T19:08:09.605444 INFO Processed 124400 files...
2025-12-30T19:08:09.623926 INFO Processed 124500 files...
2025-12-30T19:08:09.634350 INFO CSV generation complete. Processed: 124556, Errors: 0
2025-12-30T19:08:09.649469 INFO Canonical CSV updated: /workspaces/-cpes_csv/cisa_vulnrichment/data/cisa_vulnrichment.csv
2025-12-30T19:08:10.474917 INFO Compressed CSV to: /workspaces/-cpes_csv/cisa_vulnrichment/data/cisa_vulnrichment.csv.tar.gz
2025-12-30T19:08:10.479975 INFO Removed uncompressed CSV: /workspaces/-cpes_csv/cisa_vulnrichment/data/cisa_vulnrichment.csv
2025-12-30T19:08:10.480251 INFO === SCRIPT COMPLETED SUCCESSFULLY ===
