2025-12-30T17:51:55.184766 INFO === CISA VULNRICHMENT GIT SYNC STARTED ===
2025-12-30T17:51:55.184908 INFO Repository: https://github.com/cisagov/vulnrichment.git
2025-12-30T17:51:55.184960 INFO Branch: develop
2025-12-30T17:51:55.185010 INFO Local path: /workspaces/-cpes_csv/cisa_vulnrichment/data/vulnrichment_repo
2025-12-30T17:51:55.185084 INFO Log file: /workspaces/-cpes_csv/cisa_vulnrichment/logs/vulnrichment_git_download_2025-12-30_175155.log
2025-12-30T17:51:55.262097 INFO Local repository not found - performing initial clone
2025-12-30T17:53:19.743920 INFO Total CVE JSON files: 124546
2025-12-30T17:53:20.178520 INFO Processed 100 files...
2025-12-30T17:53:20.202149 INFO Processed 200 files...
2025-12-30T17:53:20.222712 INFO Processed 300 files...
2025-12-30T17:53:20.248061 INFO Processed 400 files...
2025-12-30T17:53:20.270467 INFO Processed 500 files...
2025-12-30T17:53:20.291147 INFO Processed 600 files...
2025-12-30T17:53:20.332513 INFO Processed 700 files...
2025-12-30T17:53:20.361498 INFO Processed 800 files...
2025-12-30T17:53:20.382686 INFO Processed 900 files...
2025-12-30T17:53:20.995141 INFO Processed 1000 files...
2025-12-30T17:53:21.129286 INFO Processed 1100 files...
2025-12-30T17:53:21.329489 INFO Processed 1200 files...
2025-12-30T17:53:21.350369 INFO Processed 1300 files...
2025-12-30T17:53:21.367617 INFO Processed 1400 files...
2025-12-30T17:53:21.386463 INFO Processed 1500 files...
2025-12-30T17:53:21.416815 INFO Processed 1600 files...
2025-12-30T17:53:21.438238 INFO Processed 1700 files...
2025-12-30T17:53:21.457433 INFO Processed 1800 files...
2025-12-30T17:53:21.476373 INFO Processed 1900 files...
2025-12-30T17:53:21.495505 INFO Processed 2000 files...
2025-12-30T17:53:21.519448 INFO Processed 2100 files...
2025-12-30T17:53:21.552412 INFO Processed 2200 files...
2025-12-30T17:53:21.576403 INFO Processed 2300 files...
2025-12-30T17:53:21.606721 INFO Processed 2400 files...
2025-12-30T17:53:21.624776 INFO Processed 2500 files...
2025-12-30T17:53:21.642738 INFO Processed 2600 files...
2025-12-30T17:53:21.661110 INFO Processed 2700 files...
2025-12-30T17:53:21.683991 INFO Processed 2800 files...
2025-12-30T17:53:21.713762 INFO Processed 2900 files...
2025-12-30T17:53:21.730188 INFO Processed 3000 files...
2025-12-30T17:53:21.749868 INFO Processed 3100 files...
2025-12-30T17:53:21.768612 INFO Processed 3200 files...
2025-12-30T17:53:21.787244 INFO Processed 3300 files...
2025-12-30T17:53:21.807466 INFO Processed 3400 files...
2025-12-30T17:53:21.826807 INFO Processed 3500 files...
2025-12-30T17:53:21.845924 INFO Processed 3600 files...
2025-12-30T17:53:21.875414 INFO Processed 3700 files...
2025-12-30T17:53:21.897917 INFO Processed 3800 files...
2025-12-30T17:53:21.924795 INFO Processed 3900 files...
2025-12-30T17:53:21.955894 INFO Processed 4000 files...
2025-12-30T17:53:21.983307 INFO Processed 4100 files...
2025-12-30T17:53:22.012116 INFO Processed 4200 files...
2025-12-30T17:53:22.038300 INFO Processed 4300 files...
2025-12-30T17:53:22.065225 INFO Processed 4400 files...
2025-12-30T17:53:22.082878 INFO Processed 4500 files...
2025-12-30T17:53:22.104746 INFO Processed 4600 files...
2025-12-30T17:53:22.124756 INFO Processed 4700 files...
2025-12-30T17:53:22.144377 INFO Processed 4800 files...
2025-12-30T17:53:22.163458 INFO Processed 4900 files...
2025-12-30T17:53:22.187578 INFO Processed 5000 files...
2025-12-30T17:53:22.207226 INFO Processed 5100 files...
2025-12-30T17:53:22.228132 INFO Processed 5200 files...
2025-12-30T17:53:22.246988 INFO Processed 5300 files...
2025-12-30T17:53:22.266875 INFO Processed 5400 files...
2025-12-30T17:53:22.293205 INFO Processed 5500 files...
2025-12-30T17:53:22.309945 INFO Processed 5600 files...
2025-12-30T17:53:22.326725 INFO Processed 5700 files...
2025-12-30T17:53:22.344593 INFO Processed 5800 files...
2025-12-30T17:53:22.361877 INFO Processed 5900 files...
2025-12-30T17:53:22.379572 INFO Processed 6000 files...
2025-12-30T17:53:22.397196 INFO Processed 6100 files...
2025-12-30T17:53:22.417921 INFO Processed 6200 files...
2025-12-30T17:53:22.443398 INFO Processed 6300 files...
2025-12-30T17:53:22.463887 INFO Processed 6400 files...
2025-12-30T17:53:22.489908 INFO Processed 6500 files...
2025-12-30T17:53:22.508814 INFO Processed 6600 files...
2025-12-30T17:53:22.529065 INFO Processed 6700 files...
2025-12-30T17:53:22.549441 INFO Processed 6800 files...
2025-12-30T17:53:22.570645 INFO Processed 6900 files...
2025-12-30T17:53:22.587475 INFO Processed 7000 files...
2025-12-30T17:53:22.605611 INFO Processed 7100 files...
2025-12-30T17:53:22.625426 INFO Processed 7200 files...
2025-12-30T17:53:22.647736 INFO Processed 7300 files...
2025-12-30T17:53:22.667460 INFO Processed 7400 files...
2025-12-30T17:53:22.686537 INFO Processed 7500 files...
2025-12-30T17:53:22.710060 INFO Processed 7600 files...
2025-12-30T17:53:22.733280 INFO Processed 7700 files...
2025-12-30T17:53:22.753958 INFO Processed 7800 files...
2025-12-30T17:53:22.771717 INFO Processed 7900 files...
2025-12-30T17:53:22.789682 INFO Processed 8000 files...
2025-12-30T17:53:22.813348 INFO Processed 8100 files...
2025-12-30T17:53:22.832052 INFO Processed 8200 files...
2025-12-30T17:53:22.850070 INFO Processed 8300 files...
2025-12-30T17:53:22.874987 INFO Processed 8400 files...
2025-12-30T17:53:22.895616 INFO Processed 8500 files...
2025-12-30T17:53:22.916553 INFO Processed 8600 files...
2025-12-30T17:53:22.938874 INFO Processed 8700 files...
2025-12-30T17:53:22.965353 INFO Processed 8800 files...
2025-12-30T17:53:22.984618 INFO Processed 8900 files...
2025-12-30T17:53:23.004497 INFO Processed 9000 files...
2025-12-30T17:53:23.023574 INFO Processed 9100 files...
2025-12-30T17:53:23.043576 INFO Processed 9200 files...
2025-12-30T17:53:23.064781 INFO Processed 9300 files...
2025-12-30T17:53:23.088178 INFO Processed 9400 files...
2025-12-30T17:53:23.113953 INFO Processed 9500 files...
2025-12-30T17:53:23.137049 INFO Processed 9600 files...
2025-12-30T17:53:23.160523 INFO Processed 9700 files...
2025-12-30T17:53:23.180488 INFO Processed 9800 files...
2025-12-30T17:53:23.205567 INFO Processed 9900 files...
2025-12-30T17:53:23.226688 INFO Processed 10000 files...
2025-12-30T17:53:23.245350 INFO Processed 10100 files...
2025-12-30T17:53:23.264721 INFO Processed 10200 files...
2025-12-30T17:53:23.284194 INFO Processed 10300 files...
2025-12-30T17:53:23.304954 INFO Processed 10400 files...
2025-12-30T17:53:23.325533 INFO Processed 10500 files...
2025-12-30T17:53:23.343311 INFO Processed 10600 files...
2025-12-30T17:53:23.363880 INFO Processed 10700 files...
2025-12-30T17:53:23.383371 INFO Processed 10800 files...
2025-12-30T17:53:23.403436 INFO Processed 10900 files...
2025-12-30T17:53:23.425848 INFO Processed 11000 files...
2025-12-30T17:53:23.445886 INFO Processed 11100 files...
2025-12-30T17:53:23.467953 INFO Processed 11200 files...
2025-12-30T17:53:23.487138 INFO Processed 11300 files...
2025-12-30T17:53:23.507480 INFO Processed 11400 files...
2025-12-30T17:53:23.528371 INFO Processed 11500 files...
2025-12-30T17:53:23.549393 INFO Processed 11600 files...
2025-12-30T17:53:23.568550 INFO Processed 11700 files...
2025-12-30T17:53:23.588566 INFO Processed 11800 files...
2025-12-30T17:53:23.613972 INFO Processed 11900 files...
2025-12-30T17:53:23.633695 INFO Processed 12000 files...
2025-12-30T17:53:23.653395 INFO Processed 12100 files...
2025-12-30T17:53:23.674082 INFO Processed 12200 files...
2025-12-30T17:53:23.692712 INFO Processed 12300 files...
2025-12-30T17:53:23.718353 INFO Processed 12400 files...
2025-12-30T17:53:23.740874 INFO Processed 12500 files...
2025-12-30T17:53:23.758481 INFO Processed 12600 files...
2025-12-30T17:53:23.786436 INFO Processed 12700 files...
2025-12-30T17:53:23.812187 INFO Processed 12800 files...
2025-12-30T17:53:23.829583 INFO Processed 12900 files...
2025-12-30T17:53:23.854868 INFO Processed 13000 files...
2025-12-30T17:53:23.872766 INFO Processed 13100 files...
2025-12-30T17:53:23.898256 INFO Processed 13200 files...
2025-12-30T17:53:24.000674 INFO Processed 13300 files...
2025-12-30T17:53:24.023120 INFO Processed 13400 files...
2025-12-30T17:53:24.045109 INFO Processed 13500 files...
2025-12-30T17:53:24.087569 INFO Processed 13600 files...
2025-12-30T17:53:24.188229 INFO Processed 13700 files...
2025-12-30T17:53:24.527065 INFO Processed 13800 files...
2025-12-30T17:53:24.619846 INFO Processed 13900 files...
2025-12-30T17:53:24.862983 INFO Processed 14000 files...
2025-12-30T17:53:25.202755 INFO Processed 14100 files...
2025-12-30T17:53:25.251186 INFO Processed 14200 files...
2025-12-30T17:53:25.296766 INFO Processed 14300 files...
2025-12-30T17:53:25.485236 INFO Processed 14400 files...
2025-12-30T17:53:25.548385 INFO Processed 14500 files...
2025-12-30T17:53:25.636293 INFO Processed 14600 files...
2025-12-30T17:53:25.657657 INFO Processed 14700 files...
2025-12-30T17:53:25.678766 INFO Processed 14800 files...
2025-12-30T17:53:25.698205 INFO Processed 14900 files...
2025-12-30T17:53:25.776914 INFO Processed 15000 files...
2025-12-30T17:53:25.800289 INFO Processed 15100 files...
2025-12-30T17:53:25.821395 INFO Processed 15200 files...
2025-12-30T17:53:25.882211 INFO Processed 15300 files...
2025-12-30T17:53:25.904846 INFO Processed 15400 files...
2025-12-30T17:53:26.005722 INFO Processed 15500 files...
2025-12-30T17:53:26.054563 INFO Processed 15600 files...
2025-12-30T17:53:26.101924 INFO Processed 15700 files...
2025-12-30T17:53:26.158360 INFO Processed 15800 files...
2025-12-30T17:53:26.192554 INFO Processed 15900 files...
2025-12-30T17:53:26.224912 INFO Processed 16000 files...
2025-12-30T17:53:26.270260 INFO Processed 16100 files...
2025-12-30T17:53:26.312667 INFO Processed 16200 files...
2025-12-30T17:53:26.333992 INFO Processed 16300 files...
2025-12-30T17:53:26.361292 INFO Processed 16400 files...
2025-12-30T17:53:26.383072 INFO Processed 16500 files...
2025-12-30T17:53:26.403760 INFO Processed 16600 files...
2025-12-30T17:53:26.424627 INFO Processed 16700 files...
2025-12-30T17:53:26.443634 INFO Processed 16800 files...
2025-12-30T17:53:26.464334 INFO Processed 16900 files...
2025-12-30T17:53:26.484382 INFO Processed 17000 files...
2025-12-30T17:53:26.502240 INFO Processed 17100 files...
2025-12-30T17:53:26.522361 INFO Processed 17200 files...
2025-12-30T17:53:26.540554 INFO Processed 17300 files...
2025-12-30T17:53:26.555934 INFO Processed 17400 files...
2025-12-30T17:53:26.576098 INFO Processed 17500 files...
2025-12-30T17:53:26.615701 INFO Processed 17600 files...
2025-12-30T17:53:26.826311 INFO Processed 17700 files...
2025-12-30T17:53:26.848437 INFO Processed 17800 files...
2025-12-30T17:53:26.865879 INFO Processed 17900 files...
2025-12-30T17:53:26.883384 INFO Processed 18000 files...
2025-12-30T17:53:26.906184 INFO Processed 18100 files...
2025-12-30T17:53:26.925874 INFO Processed 18200 files...
2025-12-30T17:53:26.973673 INFO Processed 18300 files...
2025-12-30T17:53:26.993586 INFO Processed 18400 files...
2025-12-30T17:53:27.015556 INFO Processed 18500 files...
2025-12-30T17:53:27.035527 INFO Processed 18600 files...
2025-12-30T17:53:27.053504 INFO Processed 18700 files...
2025-12-30T17:53:27.073114 INFO Processed 18800 files...
2025-12-30T17:53:27.089846 INFO Processed 18900 files...
2025-12-30T17:53:27.111854 INFO Processed 19000 files...
2025-12-30T17:53:27.129711 INFO Processed 19100 files...
2025-12-30T17:53:27.146976 INFO Processed 19200 files...
2025-12-30T17:53:27.164225 INFO Processed 19300 files...
2025-12-30T17:53:27.184449 INFO Processed 19400 files...
2025-12-30T17:53:27.201271 INFO Processed 19500 files...
2025-12-30T17:53:27.218565 INFO Processed 19600 files...
2025-12-30T17:53:27.234429 INFO Processed 19700 files...
2025-12-30T17:53:27.271006 INFO Processed 19800 files...
2025-12-30T17:53:27.301170 INFO Processed 19900 files...
2025-12-30T17:53:27.323085 INFO Processed 20000 files...
2025-12-30T17:53:27.341054 INFO Processed 20100 files...
2025-12-30T17:53:27.358141 INFO Processed 20200 files...
2025-12-30T17:53:27.376839 INFO Processed 20300 files...
2025-12-30T17:53:27.393802 INFO Processed 20400 files...
2025-12-30T17:53:27.414701 INFO Processed 20500 files...
2025-12-30T17:53:27.446843 INFO Processed 20600 files...
2025-12-30T17:53:27.603755 INFO Processed 20700 files...
2025-12-30T17:53:27.626828 INFO Processed 20800 files...
2025-12-30T17:53:27.653421 INFO Processed 20900 files...
2025-12-30T17:53:27.675793 INFO Processed 21000 files...
2025-12-30T17:53:27.695501 INFO Processed 21100 files...
2025-12-30T17:53:27.714281 INFO Processed 21200 files...
2025-12-30T17:53:27.732898 INFO Processed 21300 files...
2025-12-30T17:53:27.751579 INFO Processed 21400 files...
2025-12-30T17:53:27.772340 INFO Processed 21500 files...
2025-12-30T17:53:27.795792 INFO Processed 21600 files...
2025-12-30T17:53:27.813525 INFO Processed 21700 files...
2025-12-30T17:53:27.831090 INFO Processed 21800 files...
2025-12-30T17:53:27.847282 INFO Processed 21900 files...
2025-12-30T17:53:27.864942 INFO Processed 22000 files...
2025-12-30T17:53:27.887296 INFO Processed 22100 files...
2025-12-30T17:53:27.911477 INFO Processed 22200 files...
2025-12-30T17:53:27.928242 INFO Processed 22300 files...
2025-12-30T17:53:27.946082 INFO Processed 22400 files...
2025-12-30T17:53:27.964217 INFO Processed 22500 files...
2025-12-30T17:53:27.982474 INFO Processed 22600 files...
2025-12-30T17:53:28.004939 INFO Processed 22700 files...
2025-12-30T17:53:28.021358 INFO Processed 22800 files...
2025-12-30T17:53:28.037003 INFO Processed 22900 files...
2025-12-30T17:53:28.054567 INFO Processed 23000 files...
2025-12-30T17:53:28.073264 INFO Processed 23100 files...
2025-12-30T17:53:28.097671 INFO Processed 23200 files...
2025-12-30T17:53:28.118221 INFO Processed 23300 files...
2025-12-30T17:53:28.142650 INFO Processed 23400 files...
2025-12-30T17:53:28.162096 INFO Processed 23500 files...
2025-12-30T17:53:28.178844 INFO Processed 23600 files...
2025-12-30T17:53:28.198168 INFO Processed 23700 files...
2025-12-30T17:53:28.221350 INFO Processed 23800 files...
2025-12-30T17:53:28.237919 INFO Processed 23900 files...
2025-12-30T17:53:28.254384 INFO Processed 24000 files...
2025-12-30T17:53:28.272156 INFO Processed 24100 files...
2025-12-30T17:53:28.294042 INFO Processed 24200 files...
2025-12-30T17:53:28.318069 INFO Processed 24300 files...
2025-12-30T17:53:28.356090 INFO Processed 24400 files...
2025-12-30T17:53:28.375437 INFO Processed 24500 files...
2025-12-30T17:53:28.394111 INFO Processed 24600 files...
2025-12-30T17:53:28.424711 INFO Processed 24700 files...
2025-12-30T17:53:28.441407 INFO Processed 24800 files...
2025-12-30T17:53:28.457883 INFO Processed 24900 files...
2025-12-30T17:53:28.474215 INFO Processed 25000 files...
2025-12-30T17:53:28.493394 INFO Processed 25100 files...
2025-12-30T17:53:28.512828 INFO Processed 25200 files...
2025-12-30T17:53:28.532055 INFO Processed 25300 files...
2025-12-30T17:53:28.550864 INFO Processed 25400 files...
2025-12-30T17:53:28.574439 INFO Processed 25500 files...
2025-12-30T17:53:28.596624 INFO Processed 25600 files...
2025-12-30T17:53:28.617097 INFO Processed 25700 files...
2025-12-30T17:53:28.637221 INFO Processed 25800 files...
2025-12-30T17:53:28.661764 INFO Processed 25900 files...
2025-12-30T17:53:28.681733 INFO Processed 26000 files...
2025-12-30T17:53:28.700704 INFO Processed 26100 files...
2025-12-30T17:53:28.720296 INFO Processed 26200 files...
2025-12-30T17:53:28.737313 INFO Processed 26300 files...
2025-12-30T17:53:28.766836 INFO Processed 26400 files...
2025-12-30T17:53:28.795358 INFO Processed 26500 files...
2025-12-30T17:53:28.820513 INFO Processed 26600 files...
2025-12-30T17:53:28.847258 INFO Processed 26700 files...
2025-12-30T17:53:28.864672 INFO Processed 26800 files...
2025-12-30T17:53:28.881047 INFO Processed 26900 files...
2025-12-30T17:53:28.898215 INFO Processed 27000 files...
2025-12-30T17:53:28.916524 INFO Processed 27100 files...
2025-12-30T17:53:28.934397 INFO Processed 27200 files...
2025-12-30T17:53:28.952002 INFO Processed 27300 files...
2025-12-30T17:53:28.970372 INFO Processed 27400 files...
2025-12-30T17:53:28.995518 INFO Processed 27500 files...
2025-12-30T17:53:29.024504 INFO Processed 27600 files...
2025-12-30T17:53:29.150938 INFO Processed 27700 files...
2025-12-30T17:53:29.666434 INFO Processed 27800 files...
2025-12-30T17:53:29.793292 INFO Processed 27900 files...
2025-12-30T17:53:30.187279 INFO Processed 28000 files...
2025-12-30T17:53:30.263709 INFO Processed 28100 files...
2025-12-30T17:53:30.370808 INFO Processed 28200 files...
2025-12-30T17:53:30.468459 INFO Processed 28300 files...
2025-12-30T17:53:30.490437 INFO Processed 28400 files...
2025-12-30T17:53:30.514871 INFO Processed 28500 files...
2025-12-30T17:53:30.541382 INFO Processed 28600 files...
2025-12-30T17:53:30.561555 INFO Processed 28700 files...
2025-12-30T17:53:30.587936 INFO Processed 28800 files...
2025-12-30T17:53:30.602879 INFO Processed 28900 files...
2025-12-30T17:53:30.618139 INFO Processed 29000 files...
2025-12-30T17:53:30.633915 INFO Processed 29100 files...
2025-12-30T17:53:30.651404 INFO Processed 29200 files...
2025-12-30T17:53:30.683856 INFO Processed 29300 files...
2025-12-30T17:53:30.705620 INFO Processed 29400 files...
2025-12-30T17:53:30.723402 INFO Processed 29500 files...
2025-12-30T17:53:30.746339 INFO Processed 29600 files...
2025-12-30T17:53:30.764310 INFO Processed 29700 files...
2025-12-30T17:53:30.837786 INFO Processed 29800 files...
2025-12-30T17:53:30.855174 INFO Processed 29900 files...
2025-12-30T17:53:30.872617 INFO Processed 30000 files...
2025-12-30T17:53:30.890093 INFO Processed 30100 files...
2025-12-30T17:53:30.913520 INFO Processed 30200 files...
2025-12-30T17:53:30.950431 INFO Processed 30300 files...
2025-12-30T17:53:30.981662 INFO Processed 30400 files...
2025-12-30T17:53:31.005068 INFO Processed 30500 files...
2025-12-30T17:53:31.029670 INFO Processed 30600 files...
2025-12-30T17:53:31.046058 INFO Processed 30700 files...
2025-12-30T17:53:31.062913 INFO Processed 30800 files...
2025-12-30T17:53:31.086080 INFO Processed 30900 files...
2025-12-30T17:53:31.101315 INFO Processed 31000 files...
2025-12-30T17:53:31.120228 INFO Processed 31100 files...
2025-12-30T17:53:31.144034 INFO Processed 31200 files...
2025-12-30T17:53:31.183257 INFO Processed 31300 files...
2025-12-30T17:53:31.225183 INFO Processed 31400 files...
2025-12-30T17:53:31.250098 INFO Processed 31500 files...
2025-12-30T17:53:31.267402 INFO Processed 31600 files...
2025-12-30T17:53:31.282990 INFO Processed 31700 files...
2025-12-30T17:53:31.299955 INFO Processed 31800 files...
2025-12-30T17:53:31.319684 INFO Processed 31900 files...
2025-12-30T17:53:31.337039 INFO Processed 32000 files...
2025-12-30T17:53:31.353610 INFO Processed 32100 files...
2025-12-30T17:53:31.375950 INFO Processed 32200 files...
2025-12-30T17:53:31.392795 INFO Processed 32300 files...
2025-12-30T17:53:31.419074 INFO Processed 32400 files...
2025-12-30T17:53:31.441543 INFO Processed 32500 files...
2025-12-30T17:53:31.462766 INFO Processed 32600 files...
2025-12-30T17:53:31.478561 INFO Processed 32700 files...
2025-12-30T17:53:31.502736 INFO Processed 32800 files...
2025-12-30T17:53:31.522744 INFO Processed 32900 files...
2025-12-30T17:53:31.549681 INFO Processed 33000 files...
2025-12-30T17:53:31.567856 INFO Processed 33100 files...
2025-12-30T17:53:31.588314 INFO Processed 33200 files...
2025-12-30T17:53:31.617831 INFO Processed 33300 files...
2025-12-30T17:53:31.642779 INFO Processed 33400 files...
2025-12-30T17:53:31.669798 INFO Processed 33500 files...
2025-12-30T17:53:31.695714 INFO Processed 33600 files...
2025-12-30T17:53:31.734474 INFO Processed 33700 files...
2025-12-30T17:53:31.756878 INFO Processed 33800 files...
2025-12-30T17:53:31.786342 INFO Processed 33900 files...
2025-12-30T17:53:31.848591 INFO Processed 34000 files...
2025-12-30T17:53:31.866865 INFO Processed 34100 files...
2025-12-30T17:53:31.885469 INFO Processed 34200 files...
2025-12-30T17:53:31.910542 INFO Processed 34300 files...
2025-12-30T17:53:31.931195 INFO Processed 34400 files...
2025-12-30T17:53:31.952886 INFO Processed 34500 files...
2025-12-30T17:53:31.971616 INFO Processed 34600 files...
2025-12-30T17:53:31.999912 INFO Processed 34700 files...
2025-12-30T17:53:32.023510 INFO Processed 34800 files...
2025-12-30T17:53:32.052475 INFO Processed 34900 files...
2025-12-30T17:53:32.069922 INFO Processed 35000 files...
2025-12-30T17:53:32.086703 INFO Processed 35100 files...
2025-12-30T17:53:32.103158 INFO Processed 35200 files...
2025-12-30T17:53:32.120010 INFO Processed 35300 files...
2025-12-30T17:53:32.137396 INFO Processed 35400 files...
2025-12-30T17:53:32.154634 INFO Processed 35500 files...
2025-12-30T17:53:32.178526 INFO Processed 35600 files...
2025-12-30T17:53:32.193496 INFO Processed 35700 files...
2025-12-30T17:53:32.212457 INFO Processed 35800 files...
2025-12-30T17:53:32.230090 INFO Processed 35900 files...
2025-12-30T17:53:32.246152 INFO Processed 36000 files...
2025-12-30T17:53:32.263075 INFO Processed 36100 files...
2025-12-30T17:53:32.283491 INFO Processed 36200 files...
2025-12-30T17:53:32.301980 INFO Processed 36300 files...
2025-12-30T17:53:32.319845 INFO Processed 36400 files...
2025-12-30T17:53:32.336396 INFO Processed 36500 files...
2025-12-30T17:53:32.351690 INFO Processed 36600 files...
2025-12-30T17:53:32.375706 INFO Processed 36700 files...
2025-12-30T17:53:32.393983 INFO Processed 36800 files...
2025-12-30T17:53:32.410947 INFO Processed 36900 files...
2025-12-30T17:53:32.429184 INFO Processed 37000 files...
2025-12-30T17:53:32.445712 INFO Processed 37100 files...
2025-12-30T17:53:32.463167 INFO Processed 37200 files...
2025-12-30T17:53:32.481510 INFO Processed 37300 files...
2025-12-30T17:53:32.506846 INFO Processed 37400 files...
2025-12-30T17:53:32.548103 INFO Processed 37500 files...
2025-12-30T17:53:32.601993 INFO Processed 37600 files...
2025-12-30T17:53:32.618422 INFO Processed 37700 files...
2025-12-30T17:53:32.636835 INFO Processed 37800 files...
2025-12-30T17:53:32.651577 INFO Processed 37900 files...
2025-12-30T17:53:32.667776 INFO Processed 38000 files...
2025-12-30T17:53:32.689834 INFO Processed 38100 files...
2025-12-30T17:53:32.706755 INFO Processed 38200 files...
2025-12-30T17:53:32.724009 INFO Processed 38300 files...
2025-12-30T17:53:32.740886 INFO Processed 38400 files...
2025-12-30T17:53:32.756928 INFO Processed 38500 files...
2025-12-30T17:53:32.774312 INFO Processed 38600 files...
2025-12-30T17:53:32.795586 INFO Processed 38700 files...
2025-12-30T17:53:32.814352 INFO Processed 38800 files...
2025-12-30T17:53:32.837943 INFO Processed 38900 files...
2025-12-30T17:53:32.857123 INFO Processed 39000 files...
2025-12-30T17:53:32.872993 INFO Processed 39100 files...
2025-12-30T17:53:32.895791 INFO Processed 39200 files...
2025-12-30T17:53:32.910236 INFO Processed 39300 files...
2025-12-30T17:53:32.929358 INFO Processed 39400 files...
2025-12-30T17:53:32.947660 INFO Processed 39500 files...
2025-12-30T17:53:32.968118 INFO Processed 39600 files...
2025-12-30T17:53:32.987791 INFO Processed 39700 files...
2025-12-30T17:53:33.010820 INFO Processed 39800 files...
2025-12-30T17:53:33.026915 INFO Processed 39900 files...
2025-12-30T17:53:33.043170 INFO Processed 40000 files...
2025-12-30T17:53:33.059536 INFO Processed 40100 files...
2025-12-30T17:53:33.076213 INFO Processed 40200 files...
2025-12-30T17:53:33.090795 INFO Processed 40300 files...
2025-12-30T17:53:33.109114 INFO Processed 40400 files...
2025-12-30T17:53:33.137246 INFO Processed 40500 files...
2025-12-30T17:53:33.154942 INFO Processed 40600 files...
2025-12-30T17:53:33.170886 INFO Processed 40700 files...
2025-12-30T17:53:33.187085 INFO Processed 40800 files...
2025-12-30T17:53:33.204309 INFO Processed 40900 files...
2025-12-30T17:53:33.222002 INFO Processed 41000 files...
2025-12-30T17:53:33.236456 INFO Processed 41100 files...
2025-12-30T17:53:33.256423 INFO Processed 41200 files...
2025-12-30T17:53:33.272702 INFO Processed 41300 files...
2025-12-30T17:53:33.288719 INFO Processed 41400 files...
2025-12-30T17:53:33.305243 INFO Processed 41500 files...
2025-12-30T17:53:33.320772 INFO Processed 41600 files...
2025-12-30T17:53:33.336778 INFO Processed 41700 files...
2025-12-30T17:53:33.360124 INFO Processed 41800 files...
2025-12-30T17:53:33.376115 INFO Processed 41900 files...
2025-12-30T17:53:33.393198 INFO Processed 42000 files...
2025-12-30T17:53:33.410424 INFO Processed 42100 files...
2025-12-30T17:53:33.428109 INFO Processed 42200 files...
2025-12-30T17:53:33.449901 INFO Processed 42300 files...
2025-12-30T17:53:33.475862 INFO Processed 42400 files...
2025-12-30T17:53:33.492635 INFO Processed 42500 files...
2025-12-30T17:53:33.509799 INFO Processed 42600 files...
2025-12-30T17:53:33.525966 INFO Processed 42700 files...
2025-12-30T17:53:33.541660 INFO Processed 42800 files...
2025-12-30T17:53:33.558181 INFO Processed 42900 files...
2025-12-30T17:53:33.573697 INFO Processed 43000 files...
2025-12-30T17:53:33.602261 INFO Processed 43100 files...
2025-12-30T17:53:33.619003 INFO Processed 43200 files...
2025-12-30T17:53:33.643952 INFO Processed 43300 files...
2025-12-30T17:53:33.661903 INFO Processed 43400 files...
2025-12-30T17:53:33.680737 INFO Processed 43500 files...
2025-12-30T17:53:33.698664 INFO Processed 43600 files...
2025-12-30T17:53:33.715371 INFO Processed 43700 files...
2025-12-30T17:53:33.744871 INFO Processed 43800 files...
2025-12-30T17:53:33.761149 INFO Processed 43900 files...
2025-12-30T17:53:33.777285 INFO Processed 44000 files...
2025-12-30T17:53:33.792394 INFO Processed 44100 files...
2025-12-30T17:53:33.809317 INFO Processed 44200 files...
2025-12-30T17:53:33.837762 INFO Processed 44300 files...
2025-12-30T17:53:33.852808 INFO Processed 44400 files...
2025-12-30T17:53:34.023613 INFO Processed 44500 files...
2025-12-30T17:53:34.043269 INFO Processed 44600 files...
2025-12-30T17:53:34.059579 INFO Processed 44700 files...
2025-12-30T17:53:34.078799 INFO Processed 44800 files...
2025-12-30T17:53:34.206294 INFO Processed 44900 files...
2025-12-30T17:53:34.353350 INFO Processed 45000 files...
2025-12-30T17:53:34.531894 INFO Processed 45100 files...
2025-12-30T17:53:34.553273 INFO Processed 45200 files...
2025-12-30T17:53:34.572621 INFO Processed 45300 files...
2025-12-30T17:53:34.588609 INFO Processed 45400 files...
2025-12-30T17:53:34.608169 INFO Processed 45500 files...
2025-12-30T17:53:34.625801 INFO Processed 45600 files...
2025-12-30T17:53:34.658139 INFO Processed 45700 files...
2025-12-30T17:53:34.681455 INFO Processed 45800 files...
2025-12-30T17:53:34.705790 INFO Processed 45900 files...
2025-12-30T17:53:34.721630 INFO Processed 46000 files...
2025-12-30T17:53:34.738112 INFO Processed 46100 files...
2025-12-30T17:53:34.754679 INFO Processed 46200 files...
2025-12-30T17:53:34.775501 INFO Processed 46300 files...
2025-12-30T17:53:34.792103 INFO Processed 46400 files...
2025-12-30T17:53:34.807952 INFO Processed 46500 files...
2025-12-30T17:53:34.825551 INFO Processed 46600 files...
2025-12-30T17:53:34.846711 INFO Processed 46700 files...
2025-12-30T17:53:34.866854 INFO Processed 46800 files...
2025-12-30T17:53:34.888238 INFO Processed 46900 files...
2025-12-30T17:53:34.907779 INFO Processed 47000 files...
2025-12-30T17:53:34.929951 INFO Processed 47100 files...
2025-12-30T17:53:34.948313 INFO Processed 47200 files...
2025-12-30T17:53:34.968483 INFO Processed 47300 files...
2025-12-30T17:53:34.987681 INFO Processed 47400 files...
2025-12-30T17:53:35.011714 INFO Processed 47500 files...
2025-12-30T17:53:35.031263 INFO Processed 47600 files...
2025-12-30T17:53:35.048499 INFO Processed 47700 files...
2025-12-30T17:53:35.067434 INFO Processed 47800 files...
2025-12-30T17:53:35.085997 INFO Processed 47900 files...
2025-12-30T17:53:35.105566 INFO Processed 48000 files...
2025-12-30T17:53:35.123390 INFO Processed 48100 files...
2025-12-30T17:53:35.146826 INFO Processed 48200 files...
2025-12-30T17:53:35.164132 INFO Processed 48300 files...
2025-12-30T17:53:35.184003 INFO Processed 48400 files...
2025-12-30T17:53:35.205338 INFO Processed 48500 files...
2025-12-30T17:53:35.222407 INFO Processed 48600 files...
2025-12-30T17:53:35.240917 INFO Processed 48700 files...
2025-12-30T17:53:35.257903 INFO Processed 48800 files...
2025-12-30T17:53:35.278705 INFO Processed 48900 files...
2025-12-30T17:53:35.303056 INFO Processed 49000 files...
2025-12-30T17:53:35.320630 INFO Processed 49100 files...
2025-12-30T17:53:35.340715 INFO Processed 49200 files...
2025-12-30T17:53:35.361503 INFO Processed 49300 files...
2025-12-30T17:53:35.382658 INFO Processed 49400 files...
2025-12-30T17:53:35.402218 INFO Processed 49500 files...
2025-12-30T17:53:35.420614 INFO Processed 49600 files...
2025-12-30T17:53:35.439808 INFO Processed 49700 files...
2025-12-30T17:53:35.461239 INFO Processed 49800 files...
2025-12-30T17:53:35.478941 INFO Processed 49900 files...
2025-12-30T17:53:35.502848 INFO Processed 50000 files...
2025-12-30T17:53:35.521987 INFO Processed 50100 files...
2025-12-30T17:53:35.539512 INFO Processed 50200 files...
2025-12-30T17:53:35.557128 INFO Processed 50300 files...
2025-12-30T17:53:35.575040 INFO Processed 50400 files...
2025-12-30T17:53:35.592921 INFO Processed 50500 files...
2025-12-30T17:53:35.611607 INFO Processed 50600 files...
2025-12-30T17:53:35.637209 INFO Processed 50700 files...
2025-12-30T17:53:35.655266 INFO Processed 50800 files...
2025-12-30T17:53:35.676522 INFO Processed 50900 files...
2025-12-30T17:53:35.711531 INFO Processed 51000 files...
2025-12-30T17:53:35.736534 INFO Processed 51100 files...
2025-12-30T17:53:35.780383 INFO Processed 51200 files...
2025-12-30T17:53:35.799596 INFO Processed 51300 files...
2025-12-30T17:53:35.817711 INFO Processed 51400 files...
2025-12-30T17:53:35.848860 INFO Processed 51500 files...
2025-12-30T17:53:35.866923 INFO Processed 51600 files...
2025-12-30T17:53:35.886359 INFO Processed 51700 files...
2025-12-30T17:53:35.909292 INFO Processed 51800 files...
2025-12-30T17:53:35.927362 INFO Processed 51900 files...
2025-12-30T17:53:35.945777 INFO Processed 52000 files...
2025-12-30T17:53:35.963868 INFO Processed 52100 files...
2025-12-30T17:53:35.982260 INFO Processed 52200 files...
2025-12-30T17:53:36.000693 INFO Processed 52300 files...
2025-12-30T17:53:36.027357 INFO Processed 52400 files...
2025-12-30T17:53:36.044297 INFO Processed 52500 files...
2025-12-30T17:53:36.061921 INFO Processed 52600 files...
2025-12-30T17:53:36.078914 INFO Processed 52700 files...
2025-12-30T17:53:36.096134 INFO Processed 52800 files...
2025-12-30T17:53:36.114536 INFO Processed 52900 files...
2025-12-30T17:53:36.131836 INFO Processed 53000 files...
2025-12-30T17:53:36.151586 INFO Processed 53100 files...
2025-12-30T17:53:36.170649 INFO Processed 53200 files...
2025-12-30T17:53:36.197952 INFO Processed 53300 files...
2025-12-30T17:53:36.215273 INFO Processed 53400 files...
2025-12-30T17:53:36.233428 INFO Processed 53500 files...
2025-12-30T17:53:36.252267 INFO Processed 53600 files...
2025-12-30T17:53:36.268776 INFO Processed 53700 files...
2025-12-30T17:53:36.289759 INFO Processed 53800 files...
2025-12-30T17:53:36.315453 INFO Processed 53900 files...
2025-12-30T17:53:36.335871 INFO Processed 54000 files...
2025-12-30T17:53:36.369682 INFO Processed 54100 files...
2025-12-30T17:53:36.413480 INFO Processed 54200 files...
2025-12-30T17:53:36.441265 INFO Processed 54300 files...
2025-12-30T17:53:36.466200 INFO Processed 54400 files...
2025-12-30T17:53:36.489570 INFO Processed 54500 files...
2025-12-30T17:53:36.512532 INFO Processed 54600 files...
2025-12-30T17:53:36.535964 INFO Processed 54700 files...
2025-12-30T17:53:36.556667 INFO Processed 54800 files...
2025-12-30T17:53:36.579955 INFO Processed 54900 files...
2025-12-30T17:53:36.599267 INFO Processed 55000 files...
2025-12-30T17:53:36.627828 INFO Processed 55100 files...
2025-12-30T17:53:36.647760 INFO Processed 55200 files...
2025-12-30T17:53:36.676273 INFO Processed 55300 files...
2025-12-30T17:53:36.699191 INFO Processed 55400 files...
2025-12-30T17:53:36.721650 INFO Processed 55500 files...
2025-12-30T17:53:36.752828 INFO Processed 55600 files...
2025-12-30T17:53:36.778621 INFO Processed 55700 files...
2025-12-30T17:53:36.803582 INFO Processed 55800 files...
2025-12-30T17:53:36.854915 INFO Processed 55900 files...
2025-12-30T17:53:36.879142 INFO Processed 56000 files...
2025-12-30T17:53:36.916502 INFO Processed 56100 files...
2025-12-30T17:53:36.935083 INFO Processed 56200 files...
2025-12-30T17:53:36.953621 INFO Processed 56300 files...
2025-12-30T17:53:36.972094 INFO Processed 56400 files...
2025-12-30T17:53:36.996446 INFO Processed 56500 files...
2025-12-30T17:53:37.016268 INFO Processed 56600 files...
2025-12-30T17:53:37.035397 INFO Processed 56700 files...
2025-12-30T17:53:37.059867 INFO Processed 56800 files...
2025-12-30T17:53:37.087462 INFO Processed 56900 files...
2025-12-30T17:53:37.121509 INFO Processed 57000 files...
2025-12-30T17:53:37.144922 INFO Processed 57100 files...
2025-12-30T17:53:37.211222 INFO Processed 57200 files...
2025-12-30T17:53:37.350754 INFO Processed 57300 files...
2025-12-30T17:53:37.385431 INFO Processed 57400 files...
2025-12-30T17:53:37.407556 INFO Processed 57500 files...
2025-12-30T17:53:37.426075 INFO Processed 57600 files...
2025-12-30T17:53:37.452619 INFO Processed 57700 files...
2025-12-30T17:53:37.473557 INFO Processed 57800 files...
2025-12-30T17:53:37.492193 INFO Processed 57900 files...
2025-12-30T17:53:37.511706 INFO Processed 58000 files...
2025-12-30T17:53:37.534992 INFO Processed 58100 files...
2025-12-30T17:53:37.566454 INFO Processed 58200 files...
2025-12-30T17:53:37.584955 INFO Processed 58300 files...
2025-12-30T17:53:37.605906 INFO Processed 58400 files...
2025-12-30T17:53:37.632715 INFO Processed 58500 files...
2025-12-30T17:53:37.656197 INFO Processed 58600 files...
2025-12-30T17:53:37.674353 INFO Processed 58700 files...
2025-12-30T17:53:37.694239 INFO Processed 58800 files...
2025-12-30T17:53:37.712193 INFO Processed 58900 files...
2025-12-30T17:53:37.729402 INFO Processed 59000 files...
2025-12-30T17:53:37.752628 INFO Processed 59100 files...
2025-12-30T17:53:37.775433 INFO Processed 59200 files...
2025-12-30T17:53:37.812711 INFO Processed 59300 files...
2025-12-30T17:53:37.864767 INFO Processed 59400 files...
2025-12-30T17:53:37.882573 INFO Processed 59500 files...
2025-12-30T17:53:37.903411 INFO Processed 59600 files...
2025-12-30T17:53:37.927322 INFO Processed 59700 files...
2025-12-30T17:53:37.945273 INFO Processed 59800 files...
2025-12-30T17:53:37.967037 INFO Processed 59900 files...
2025-12-30T17:53:37.983939 INFO Processed 60000 files...
2025-12-30T17:53:38.002098 INFO Processed 60100 files...
2025-12-30T17:53:38.019793 INFO Processed 60200 files...
2025-12-30T17:53:38.038202 INFO Processed 60300 files...
2025-12-30T17:53:38.062260 INFO Processed 60400 files...
2025-12-30T17:53:38.081263 INFO Processed 60500 files...
2025-12-30T17:53:38.097596 INFO Processed 60600 files...
2025-12-30T17:53:38.115825 INFO Processed 60700 files...
2025-12-30T17:53:38.133623 INFO Processed 60800 files...
2025-12-30T17:53:38.151101 INFO Processed 60900 files...
2025-12-30T17:53:38.178319 INFO Processed 61000 files...
2025-12-30T17:53:38.199095 INFO Processed 61100 files...
2025-12-30T17:53:38.221488 INFO Processed 61200 files...
2025-12-30T17:53:38.239244 INFO Processed 61300 files...
2025-12-30T17:53:38.258938 INFO Processed 61400 files...
2025-12-30T17:53:38.278385 INFO Processed 61500 files...
2025-12-30T17:53:38.298569 INFO Processed 61600 files...
2025-12-30T17:53:38.318909 INFO Processed 61700 files...
2025-12-30T17:53:38.345885 INFO Processed 61800 files...
2025-12-30T17:53:38.371490 INFO Processed 61900 files...
2025-12-30T17:53:38.399606 INFO Processed 62000 files...
2025-12-30T17:53:38.417976 INFO Processed 62100 files...
2025-12-30T17:53:38.436627 INFO Processed 62200 files...
2025-12-30T17:53:38.455243 INFO Processed 62300 files...
2025-12-30T17:53:38.474339 INFO Processed 62400 files...
2025-12-30T17:53:38.500436 INFO Processed 62500 files...
2025-12-30T17:53:38.518722 INFO Processed 62600 files...
2025-12-30T17:53:38.535836 INFO Processed 62700 files...
2025-12-30T17:53:38.552553 INFO Processed 62800 files...
2025-12-30T17:53:38.570187 INFO Processed 62900 files...
2025-12-30T17:53:38.597478 INFO Processed 63000 files...
2025-12-30T17:53:38.622426 INFO Processed 63100 files...
2025-12-30T17:53:38.640140 INFO Processed 63200 files...
2025-12-30T17:53:38.657797 INFO Processed 63300 files...
2025-12-30T17:53:38.675149 INFO Processed 63400 files...
2025-12-30T17:53:38.692664 INFO Processed 63500 files...
2025-12-30T17:53:38.712793 INFO Processed 63600 files...
2025-12-30T17:53:38.741527 INFO Processed 63700 files...
2025-12-30T17:53:38.767913 INFO Processed 63800 files...
2025-12-30T17:53:38.789740 INFO Processed 63900 files...
2025-12-30T17:53:38.807421 INFO Processed 64000 files...
2025-12-30T17:53:38.826508 INFO Processed 64100 files...
2025-12-30T17:53:38.845224 INFO Processed 64200 files...
2025-12-30T17:53:38.865249 INFO Processed 64300 files...
2025-12-30T17:53:38.884108 INFO Processed 64400 files...
2025-12-30T17:53:38.905396 INFO Processed 64500 files...
2025-12-30T17:53:38.960514 INFO Processed 64600 files...
2025-12-30T17:53:38.986211 INFO Processed 64700 files...
2025-12-30T17:53:39.010515 INFO Processed 64800 files...
2025-12-30T17:53:39.026659 INFO Processed 64900 files...
2025-12-30T17:53:39.047104 INFO Processed 65000 files...
2025-12-30T17:53:39.066557 INFO Processed 65100 files...
2025-12-30T17:53:39.083376 INFO Processed 65200 files...
2025-12-30T17:53:39.180205 INFO Processed 65300 files...
2025-12-30T17:53:39.197576 INFO Processed 65400 files...
2025-12-30T17:53:39.217609 INFO Processed 65500 files...
2025-12-30T17:53:39.235630 INFO Processed 65600 files...
2025-12-30T17:53:39.260904 INFO Processed 65700 files...
2025-12-30T17:53:39.284140 INFO Processed 65800 files...
2025-12-30T17:53:39.318392 INFO Processed 65900 files...
2025-12-30T17:53:39.337480 INFO Processed 66000 files...
2025-12-30T17:53:39.354034 INFO Processed 66100 files...
2025-12-30T17:53:39.372750 INFO Processed 66200 files...
2025-12-30T17:53:39.389954 INFO Processed 66300 files...
2025-12-30T17:53:39.408246 INFO Processed 66400 files...
2025-12-30T17:53:39.426071 INFO Processed 66500 files...
2025-12-30T17:53:39.447713 INFO Processed 66600 files...
2025-12-30T17:53:39.604477 INFO Processed 66700 files...
2025-12-30T17:53:39.625539 INFO Processed 66800 files...
2025-12-30T17:53:39.642733 INFO Processed 66900 files...
2025-12-30T17:53:39.660173 INFO Processed 67000 files...
2025-12-30T17:53:39.678781 INFO Processed 67100 files...
2025-12-30T17:53:39.697790 INFO Processed 67200 files...
2025-12-30T17:53:39.724130 INFO Processed 67300 files...
2025-12-30T17:53:39.741304 INFO Processed 67400 files...
2025-12-30T17:53:39.757930 INFO Processed 67500 files...
2025-12-30T17:53:39.774598 INFO Processed 67600 files...
2025-12-30T17:53:39.791530 INFO Processed 67700 files...
2025-12-30T17:53:39.808170 INFO Processed 67800 files...
2025-12-30T17:53:39.829936 INFO Processed 67900 files...
2025-12-30T17:53:39.853774 INFO Processed 68000 files...
2025-12-30T17:53:39.874849 INFO Processed 68100 files...
2025-12-30T17:53:39.897636 INFO Processed 68200 files...
2025-12-30T17:53:39.923190 INFO Processed 68300 files...
2025-12-30T17:53:39.956419 INFO Processed 68400 files...
2025-12-30T17:53:39.977354 INFO Processed 68500 files...
2025-12-30T17:53:39.996228 INFO Processed 68600 files...
2025-12-30T17:53:40.020881 INFO Processed 68700 files...
2025-12-30T17:53:40.038623 INFO Processed 68800 files...
2025-12-30T17:53:40.057057 INFO Processed 68900 files...
2025-12-30T17:53:40.074937 INFO Processed 69000 files...
2025-12-30T17:53:40.092220 INFO Processed 69100 files...
2025-12-30T17:53:40.109217 INFO Processed 69200 files...
2025-12-30T17:53:40.129513 INFO Processed 69300 files...
2025-12-30T17:53:40.156674 INFO Processed 69400 files...
2025-12-30T17:53:40.175078 INFO Processed 69500 files...
2025-12-30T17:53:40.192302 INFO Processed 69600 files...
2025-12-30T17:53:40.211568 INFO Processed 69700 files...
2025-12-30T17:53:40.235672 INFO Processed 69800 files...
2025-12-30T17:53:40.252047 INFO Processed 69900 files...
2025-12-30T17:53:40.269102 INFO Processed 70000 files...
2025-12-30T17:53:40.297897 INFO Processed 70100 files...
2025-12-30T17:53:40.320744 INFO Processed 70200 files...
2025-12-30T17:53:40.340788 INFO Processed 70300 files...
2025-12-30T17:53:40.358246 INFO Processed 70400 files...
2025-12-30T17:53:40.393611 INFO Processed 70500 files...
2025-12-30T17:53:40.413583 INFO Processed 70600 files...
2025-12-30T17:53:40.431395 INFO Processed 70700 files...
2025-12-30T17:53:40.450812 INFO Processed 70800 files...
2025-12-30T17:53:40.473509 INFO Processed 70900 files...
2025-12-30T17:53:40.490940 INFO Processed 71000 files...
2025-12-30T17:53:40.509367 INFO Processed 71100 files...
2025-12-30T17:53:40.527315 INFO Processed 71200 files...
2025-12-30T17:53:40.547061 INFO Processed 71300 files...
2025-12-30T17:53:40.564520 INFO Processed 71400 files...
2025-12-30T17:53:40.580829 INFO Processed 71500 files...
2025-12-30T17:53:40.605900 INFO Processed 71600 files...
2025-12-30T17:53:40.626395 INFO Processed 71700 files...
2025-12-30T17:53:40.644222 INFO Processed 71800 files...
2025-12-30T17:53:40.662723 INFO Processed 71900 files...
2025-12-30T17:53:40.682725 INFO Processed 72000 files...
2025-12-30T17:53:40.702711 INFO Processed 72100 files...
2025-12-30T17:53:40.719927 INFO Processed 72200 files...
2025-12-30T17:53:40.738273 INFO Processed 72300 files...
2025-12-30T17:53:40.757173 INFO Processed 72400 files...
2025-12-30T17:53:40.784478 INFO Processed 72500 files...
2025-12-30T17:53:40.806007 INFO Processed 72600 files...
2025-12-30T17:53:40.822663 INFO Processed 72700 files...
2025-12-30T17:53:40.839402 INFO Processed 72800 files...
2025-12-30T17:53:40.857682 INFO Processed 72900 files...
2025-12-30T17:53:40.875729 INFO Processed 73000 files...
2025-12-30T17:53:40.900374 INFO Processed 73100 files...
2025-12-30T17:53:40.920582 INFO Processed 73200 files...
2025-12-30T17:53:40.941621 INFO Processed 73300 files...
2025-12-30T17:53:40.957878 INFO Processed 73400 files...
2025-12-30T17:53:40.979035 INFO Processed 73500 files...
2025-12-30T17:53:40.996666 INFO Processed 73600 files...
2025-12-30T17:53:41.028355 INFO Processed 73700 files...
2025-12-30T17:53:41.051424 INFO Processed 73800 files...
2025-12-30T17:53:41.071920 INFO Processed 73900 files...
2025-12-30T17:53:41.092148 INFO Processed 74000 files...
2025-12-30T17:53:41.112245 INFO Processed 74100 files...
2025-12-30T17:53:41.131058 INFO Processed 74200 files...
2025-12-30T17:53:41.146652 INFO Processed 74300 files...
2025-12-30T17:53:41.173344 INFO Processed 74400 files...
2025-12-30T17:53:41.196250 INFO Processed 74500 files...
2025-12-30T17:53:41.214080 INFO Processed 74600 files...
2025-12-30T17:53:41.231647 INFO Processed 74700 files...
2025-12-30T17:53:41.251485 INFO Processed 74800 files...
2025-12-30T17:53:41.274231 INFO Processed 74900 files...
2025-12-30T17:53:41.298581 INFO Processed 75000 files...
2025-12-30T17:53:41.316614 INFO Processed 75100 files...
2025-12-30T17:53:41.333656 INFO Processed 75200 files...
2025-12-30T17:53:41.357226 INFO Processed 75300 files...
2025-12-30T17:53:41.373924 INFO Processed 75400 files...
2025-12-30T17:53:41.390389 INFO Processed 75500 files...
2025-12-30T17:53:41.414857 INFO Processed 75600 files...
2025-12-30T17:53:41.431200 INFO Processed 75700 files...
2025-12-30T17:53:41.455835 INFO Processed 75800 files...
2025-12-30T17:53:41.474038 INFO Processed 75900 files...
2025-12-30T17:53:41.491204 INFO Processed 76000 files...
2025-12-30T17:53:41.508657 INFO Processed 76100 files...
2025-12-30T17:53:41.526058 INFO Processed 76200 files...
2025-12-30T17:53:41.544676 INFO Processed 76300 files...
2025-12-30T17:53:41.562365 INFO Processed 76400 files...
2025-12-30T17:53:41.579044 INFO Processed 76500 files...
2025-12-30T17:53:41.600291 INFO Processed 76600 files...
2025-12-30T17:53:41.615522 INFO Processed 76700 files...
2025-12-30T17:53:41.634196 INFO Processed 76800 files...
2025-12-30T17:53:41.651848 INFO Processed 76900 files...
2025-12-30T17:53:41.676412 INFO Processed 77000 files...
2025-12-30T17:53:41.703069 INFO Processed 77100 files...
2025-12-30T17:53:41.720806 INFO Processed 77200 files...
2025-12-30T17:53:41.737754 INFO Processed 77300 files...
2025-12-30T17:53:41.757691 INFO Processed 77400 files...
2025-12-30T17:53:41.780684 INFO Processed 77500 files...
2025-12-30T17:53:41.798322 INFO Processed 77600 files...
2025-12-30T17:53:41.818707 INFO Processed 77700 files...
2025-12-30T17:53:41.837126 INFO Processed 77800 files...
2025-12-30T17:53:41.860078 INFO Processed 77900 files...
2025-12-30T17:53:41.890759 INFO Processed 78000 files...
2025-12-30T17:53:41.910194 INFO Processed 78100 files...
2025-12-30T17:53:41.933319 INFO Processed 78200 files...
2025-12-30T17:53:41.954478 INFO Processed 78300 files...
2025-12-30T17:53:42.012410 INFO Processed 78400 files...
2025-12-30T17:53:42.044325 INFO Processed 78500 files...
2025-12-30T17:53:42.061787 INFO Processed 78600 files...
2025-12-30T17:53:42.078781 INFO Processed 78700 files...
2025-12-30T17:53:42.096490 INFO Processed 78800 files...
2025-12-30T17:53:42.116978 INFO Processed 78900 files...
2025-12-30T17:53:42.148994 INFO Processed 79000 files...
2025-12-30T17:53:42.182498 INFO Processed 79100 files...
2025-12-30T17:53:42.201929 INFO Processed 79200 files...
2025-12-30T17:53:42.219388 INFO Processed 79300 files...
2025-12-30T17:53:42.255401 INFO Processed 79400 files...
2025-12-30T17:53:42.290909 INFO Processed 79500 files...
2025-12-30T17:53:42.317400 INFO Processed 79600 files...
2025-12-30T17:53:42.336316 INFO Processed 79700 files...
2025-12-30T17:53:42.354895 INFO Processed 79800 files...
2025-12-30T17:53:42.372798 INFO Processed 79900 files...
2025-12-30T17:53:42.402725 INFO Processed 80000 files...
2025-12-30T17:53:42.422199 INFO Processed 80100 files...
2025-12-30T17:53:42.441465 INFO Processed 80200 files...
2025-12-30T17:53:42.460571 INFO Processed 80300 files...
2025-12-30T17:53:42.479127 INFO Processed 80400 files...
2025-12-30T17:53:42.497643 INFO Processed 80500 files...
2025-12-30T17:53:42.516097 INFO Processed 80600 files...
2025-12-30T17:53:42.547283 INFO Processed 80700 files...
2025-12-30T17:53:42.563193 INFO Processed 80800 files...
2025-12-30T17:53:42.579900 INFO Processed 80900 files...
2025-12-30T17:53:42.596924 INFO Processed 81000 files...
2025-12-30T17:53:42.614110 INFO Processed 81100 files...
2025-12-30T17:53:42.631361 INFO Processed 81200 files...
2025-12-30T17:53:42.649980 INFO Processed 81300 files...
2025-12-30T17:53:42.879968 INFO Processed 81400 files...
2025-12-30T17:53:42.898526 INFO Processed 81500 files...
2025-12-30T17:53:42.915466 INFO Processed 81600 files...
2025-12-30T17:53:42.934876 INFO Processed 81700 files...
2025-12-30T17:53:42.953868 INFO Processed 81800 files...
2025-12-30T17:53:42.970918 INFO Processed 81900 files...
2025-12-30T17:53:42.999711 INFO Processed 82000 files...
2025-12-30T17:53:43.021548 INFO Processed 82100 files...
2025-12-30T17:53:43.037696 INFO Processed 82200 files...
2025-12-30T17:53:43.056214 INFO Processed 82300 files...
2025-12-30T17:53:43.073991 INFO Processed 82400 files...
2025-12-30T17:53:43.092506 INFO Processed 82500 files...
2025-12-30T17:53:43.117070 INFO Processed 82600 files...
2025-12-30T17:53:43.135133 INFO Processed 82700 files...
2025-12-30T17:53:43.157474 INFO Processed 82800 files...
2025-12-30T17:53:43.179553 INFO Processed 82900 files...
2025-12-30T17:53:43.197768 INFO Processed 83000 files...
2025-12-30T17:53:43.222236 INFO Processed 83100 files...
2025-12-30T17:53:43.238395 INFO Processed 83200 files...
2025-12-30T17:53:43.255266 INFO Processed 83300 files...
2025-12-30T17:53:43.279105 INFO Processed 83400 files...
2025-12-30T17:53:43.297974 INFO Processed 83500 files...
2025-12-30T17:53:43.315824 INFO Processed 83600 files...
2025-12-30T17:53:43.340932 INFO Processed 83700 files...
2025-12-30T17:53:43.360192 INFO Processed 83800 files...
2025-12-30T17:53:43.382220 INFO Processed 83900 files...
2025-12-30T17:53:43.403343 INFO Processed 84000 files...
2025-12-30T17:53:43.419454 INFO Processed 84100 files...
2025-12-30T17:53:43.434901 INFO Processed 84200 files...
2025-12-30T17:53:43.451562 INFO Processed 84300 files...
2025-12-30T17:53:43.476078 INFO Processed 84400 files...
2025-12-30T17:53:43.494104 INFO Processed 84500 files...
2025-12-30T17:53:43.524446 INFO Processed 84600 files...
2025-12-30T17:53:43.543695 INFO Processed 84700 files...
2025-12-30T17:53:43.561989 INFO Processed 84800 files...
2025-12-30T17:53:43.581598 INFO Processed 84900 files...
2025-12-30T17:53:43.600609 INFO Processed 85000 files...
2025-12-30T17:53:43.618480 INFO Processed 85100 files...
2025-12-30T17:53:43.636112 INFO Processed 85200 files...
2025-12-30T17:53:43.654130 INFO Processed 85300 files...
2025-12-30T17:53:43.673528 INFO Processed 85400 files...
2025-12-30T17:53:43.700996 INFO Processed 85500 files...
2025-12-30T17:53:43.723119 INFO Processed 85600 files...
2025-12-30T17:53:43.741827 INFO Processed 85700 files...
2025-12-30T17:53:43.759839 INFO Processed 85800 files...
2025-12-30T17:53:43.782427 INFO Processed 85900 files...
2025-12-30T17:53:43.802744 INFO Processed 86000 files...
2025-12-30T17:53:43.822061 INFO Processed 86100 files...
2025-12-30T17:53:43.844682 INFO Processed 86200 files...
2025-12-30T17:53:43.863884 INFO Processed 86300 files...
2025-12-30T17:53:43.891435 INFO Processed 86400 files...
2025-12-30T17:53:43.909196 INFO Processed 86500 files...
2025-12-30T17:53:43.926952 INFO Processed 86600 files...
2025-12-30T17:53:43.945352 INFO Processed 86700 files...
2025-12-30T17:53:43.963260 INFO Processed 86800 files...
2025-12-30T17:53:43.986380 INFO Processed 86900 files...
2025-12-30T17:53:44.003850 INFO Processed 87000 files...
2025-12-30T17:53:44.026899 INFO Processed 87100 files...
2025-12-30T17:53:44.046744 INFO Processed 87200 files...
2025-12-30T17:53:44.071165 INFO Processed 87300 files...
2025-12-30T17:53:44.213795 INFO Processed 87400 files...
2025-12-30T17:53:44.238249 INFO Processed 87500 files...
2025-12-30T17:53:44.259241 INFO Processed 87600 files...
2025-12-30T17:53:44.276597 INFO Processed 87700 files...
2025-12-30T17:53:44.293986 INFO Processed 87800 files...
2025-12-30T17:53:44.312676 INFO Processed 87900 files...
2025-12-30T17:53:44.332144 INFO Processed 88000 files...
2025-12-30T17:53:44.351465 INFO Processed 88100 files...
2025-12-30T17:53:44.372199 INFO Processed 88200 files...
2025-12-30T17:53:44.417845 INFO Processed 88300 files...
2025-12-30T17:53:44.448742 INFO Processed 88400 files...
2025-12-30T17:53:44.468867 INFO Processed 88500 files...
2025-12-30T17:53:44.489662 INFO Processed 88600 files...
2025-12-30T17:53:44.510414 INFO Processed 88700 files...
2025-12-30T17:53:44.527717 INFO Processed 88800 files...
2025-12-30T17:53:44.550191 INFO Processed 88900 files...
2025-12-30T17:53:44.567757 INFO Processed 89000 files...
2025-12-30T17:53:44.585292 INFO Processed 89100 files...
2025-12-30T17:53:44.614189 INFO Processed 89200 files...
2025-12-30T17:53:44.636180 INFO Processed 89300 files...
2025-12-30T17:53:44.654253 INFO Processed 89400 files...
2025-12-30T17:53:44.672137 INFO Processed 89500 files...
2025-12-30T17:53:44.690205 INFO Processed 89600 files...
2025-12-30T17:53:44.708280 INFO Processed 89700 files...
2025-12-30T17:53:44.726886 INFO Processed 89800 files...
2025-12-30T17:53:44.745387 INFO Processed 89900 files...
2025-12-30T17:53:44.773122 INFO Processed 90000 files...
2025-12-30T17:53:44.790892 INFO Processed 90100 files...
2025-12-30T17:53:44.811282 INFO Processed 90200 files...
2025-12-30T17:53:44.831115 INFO Processed 90300 files...
2025-12-30T17:53:44.848334 INFO Processed 90400 files...
2025-12-30T17:53:44.868266 INFO Processed 90500 files...
2025-12-30T17:53:44.889861 INFO Processed 90600 files...
2025-12-30T17:53:44.909776 INFO Processed 90700 files...
2025-12-30T17:53:44.928431 INFO Processed 90800 files...
2025-12-30T17:53:44.954692 INFO Processed 90900 files...
2025-12-30T17:53:44.973041 INFO Processed 91000 files...
2025-12-30T17:53:44.991478 INFO Processed 91100 files...
2025-12-30T17:53:45.008749 INFO Processed 91200 files...
2025-12-30T17:53:45.028881 INFO Processed 91300 files...
2025-12-30T17:53:45.051619 INFO Processed 91400 files...
2025-12-30T17:53:45.069369 INFO Processed 91500 files...
2025-12-30T17:53:45.086070 INFO Processed 91600 files...
2025-12-30T17:53:45.112254 INFO Processed 91700 files...
2025-12-30T17:53:45.129051 INFO Processed 91800 files...
2025-12-30T17:53:45.149715 INFO Processed 91900 files...
2025-12-30T17:53:45.166162 INFO Processed 92000 files...
2025-12-30T17:53:45.181975 INFO Processed 92100 files...
2025-12-30T17:53:45.198857 INFO Processed 92200 files...
2025-12-30T17:53:45.217529 INFO Processed 92300 files...
2025-12-30T17:53:45.240701 INFO Processed 92400 files...
2025-12-30T17:53:45.282229 INFO Processed 92500 files...
2025-12-30T17:53:45.304096 INFO Processed 92600 files...
2025-12-30T17:53:45.329741 INFO Processed 92700 files...
2025-12-30T17:53:45.349077 INFO Processed 92800 files...
2025-12-30T17:53:45.366012 INFO Processed 92900 files...
2025-12-30T17:53:45.382755 INFO Processed 93000 files...
2025-12-30T17:53:45.405625 INFO Processed 93100 files...
2025-12-30T17:53:45.423003 INFO Processed 93200 files...
2025-12-30T17:53:45.440652 INFO Processed 93300 files...
2025-12-30T17:53:45.457925 INFO Processed 93400 files...
2025-12-30T17:53:45.475598 INFO Processed 93500 files...
2025-12-30T17:53:45.495224 INFO Processed 93600 files...
2025-12-30T17:53:45.514864 INFO Processed 93700 files...
2025-12-30T17:53:45.543115 INFO Processed 93800 files...
2025-12-30T17:53:45.561487 INFO Processed 93900 files...
2025-12-30T17:53:45.580968 INFO Processed 94000 files...
2025-12-30T17:53:45.599323 INFO Processed 94100 files...
2025-12-30T17:53:45.618756 INFO Processed 94200 files...
2025-12-30T17:53:45.638807 INFO Processed 94300 files...
2025-12-30T17:53:45.658823 INFO Processed 94400 files...
2025-12-30T17:53:45.684080 INFO Processed 94500 files...
2025-12-30T17:53:45.702789 INFO Processed 94600 files...
2025-12-30T17:53:45.728789 INFO Processed 94700 files...
2025-12-30T17:53:45.822576 INFO Processed 94800 files...
2025-12-30T17:53:45.855942 INFO Processed 94900 files...
2025-12-30T17:53:45.879953 INFO Processed 95000 files...
2025-12-30T17:53:45.894996 INFO Processed 95100 files...
2025-12-30T17:53:45.923508 INFO Processed 95200 files...
2025-12-30T17:53:45.996557 INFO Processed 95300 files...
2025-12-30T17:53:46.014833 INFO Processed 95400 files...
2025-12-30T17:53:46.040004 INFO Processed 95500 files...
2025-12-30T17:53:46.078000 INFO Processed 95600 files...
2025-12-30T17:53:46.103779 INFO Processed 95700 files...
2025-12-30T17:53:46.128092 INFO Processed 95800 files...
2025-12-30T17:53:46.152039 INFO Processed 95900 files...
2025-12-30T17:53:46.174674 INFO Processed 96000 files...
2025-12-30T17:53:46.234358 INFO Processed 96100 files...
2025-12-30T17:53:46.260870 INFO Processed 96200 files...
2025-12-30T17:53:46.282757 INFO Processed 96300 files...
2025-12-30T17:53:46.301115 INFO Processed 96400 files...
2025-12-30T17:53:46.318507 INFO Processed 96500 files...
2025-12-30T17:53:46.336265 INFO Processed 96600 files...
2025-12-30T17:53:46.354557 INFO Processed 96700 files...
2025-12-30T17:53:46.379243 INFO Processed 96800 files...
2025-12-30T17:53:46.398096 INFO Processed 96900 files...
2025-12-30T17:53:46.415833 INFO Processed 97000 files...
2025-12-30T17:53:46.433695 INFO Processed 97100 files...
2025-12-30T17:53:46.452269 INFO Processed 97200 files...
2025-12-30T17:53:46.470585 INFO Processed 97300 files...
2025-12-30T17:53:46.488906 INFO Processed 97400 files...
2025-12-30T17:53:46.506903 INFO Processed 97500 files...
2025-12-30T17:53:46.525238 INFO Processed 97600 files...
2025-12-30T17:53:46.553594 INFO Processed 97700 files...
2025-12-30T17:53:46.578927 INFO Processed 97800 files...
2025-12-30T17:53:46.599429 INFO Processed 97900 files...
2025-12-30T17:53:46.626843 INFO Processed 98000 files...
2025-12-30T17:53:46.656058 INFO Processed 98100 files...
2025-12-30T17:53:46.686597 INFO Processed 98200 files...
2025-12-30T17:53:46.711162 INFO Processed 98300 files...
2025-12-30T17:53:46.738260 INFO Processed 98400 files...
2025-12-30T17:53:46.772304 INFO Processed 98500 files...
2025-12-30T17:53:46.808241 INFO Processed 98600 files...
2025-12-30T17:53:46.831938 INFO Processed 98700 files...
2025-12-30T17:53:46.858059 INFO Processed 98800 files...
2025-12-30T17:53:46.882434 INFO Processed 98900 files...
2025-12-30T17:53:46.904936 INFO Processed 99000 files...
2025-12-30T17:53:46.931829 INFO Processed 99100 files...
2025-12-30T17:53:46.948279 INFO Processed 99200 files...
2025-12-30T17:53:46.969468 INFO Processed 99300 files...
2025-12-30T17:53:47.001393 INFO Processed 99400 files...
2025-12-30T17:53:47.024073 INFO Processed 99500 files...
2025-12-30T17:53:47.046684 INFO Processed 99600 files...
2025-12-30T17:53:47.080636 INFO Processed 99700 files...
2025-12-30T17:53:47.103216 INFO Processed 99800 files...
2025-12-30T17:53:47.121078 INFO Processed 99900 files...
2025-12-30T17:53:47.138345 INFO Processed 100000 files...
2025-12-30T17:53:47.156626 INFO Processed 100100 files...
2025-12-30T17:53:47.183219 INFO Processed 100200 files...
2025-12-30T17:53:47.206796 INFO Processed 100300 files...
2025-12-30T17:53:47.226001 INFO Processed 100400 files...
2025-12-30T17:53:47.241111 INFO Processed 100500 files...
2025-12-30T17:53:47.257985 INFO Processed 100600 files...
2025-12-30T17:53:47.277827 INFO Processed 100700 files...
2025-12-30T17:53:47.293669 INFO Processed 100800 files...
2025-12-30T17:53:47.308523 INFO Processed 100900 files...
2025-12-30T17:53:47.328422 INFO Processed 101000 files...
2025-12-30T17:53:47.369259 INFO Processed 101100 files...
2025-12-30T17:53:47.391546 INFO Processed 101200 files...
2025-12-30T17:53:47.412918 INFO Processed 101300 files...
2025-12-30T17:53:47.430227 INFO Processed 101400 files...
2025-12-30T17:53:47.447293 INFO Processed 101500 files...
2025-12-30T17:53:47.463999 INFO Processed 101600 files...
2025-12-30T17:53:47.480660 INFO Processed 101700 files...
2025-12-30T17:53:47.498575 INFO Processed 101800 files...
2025-12-30T17:53:47.515814 INFO Processed 101900 files...
2025-12-30T17:53:47.540109 INFO Processed 102000 files...
2025-12-30T17:53:47.556947 INFO Processed 102100 files...
2025-12-30T17:53:47.575591 INFO Processed 102200 files...
2025-12-30T17:53:47.592798 INFO Processed 102300 files...
2025-12-30T17:53:47.616165 INFO Processed 102400 files...
2025-12-30T17:53:47.640086 INFO Processed 102500 files...
2025-12-30T17:53:47.662491 INFO Processed 102600 files...
2025-12-30T17:53:47.679421 INFO Processed 102700 files...
2025-12-30T17:53:47.703561 INFO Processed 102800 files...
2025-12-30T17:53:47.720306 INFO Processed 102900 files...
2025-12-30T17:53:47.739535 INFO Processed 103000 files...
2025-12-30T17:53:47.770839 INFO Processed 103100 files...
2025-12-30T17:53:47.793208 INFO Processed 103200 files...
2025-12-30T17:53:47.819384 INFO Processed 103300 files...
2025-12-30T17:53:47.835819 INFO Processed 103400 files...
2025-12-30T17:53:47.852616 INFO Processed 103500 files...
2025-12-30T17:53:47.880581 INFO Processed 103600 files...
2025-12-30T17:53:47.899383 INFO Processed 103700 files...
2025-12-30T17:53:47.916513 INFO Processed 103800 files...
2025-12-30T17:53:47.934246 INFO Processed 103900 files...
2025-12-30T17:53:47.951299 INFO Processed 104000 files...
2025-12-30T17:53:47.968682 INFO Processed 104100 files...
2025-12-30T17:53:47.990143 INFO Processed 104200 files...
2025-12-30T17:53:48.005665 INFO Processed 104300 files...
2025-12-30T17:53:48.032718 INFO Processed 104400 files...
2025-12-30T17:53:48.058435 INFO Processed 104500 files...
2025-12-30T17:53:48.086985 INFO Processed 104600 files...
2025-12-30T17:53:48.106230 INFO Processed 104700 files...
2025-12-30T17:53:48.124289 INFO Processed 104800 files...
2025-12-30T17:53:48.145121 INFO Processed 104900 files...
2025-12-30T17:53:48.164514 INFO Processed 105000 files...
2025-12-30T17:53:48.183388 INFO Processed 105100 files...
2025-12-30T17:53:48.200453 INFO Processed 105200 files...
2025-12-30T17:53:48.229179 INFO Processed 105300 files...
2025-12-30T17:53:48.261989 INFO Processed 105400 files...
2025-12-30T17:53:48.283579 INFO Processed 105500 files...
2025-12-30T17:53:48.320179 INFO Processed 105600 files...
2025-12-30T17:53:48.340743 INFO Processed 105700 files...
2025-12-30T17:53:48.361110 INFO Processed 105800 files...
2025-12-30T17:53:48.377652 INFO Processed 105900 files...
2025-12-30T17:53:48.394317 INFO Processed 106000 files...
2025-12-30T17:53:48.410658 INFO Processed 106100 files...
2025-12-30T17:53:48.427189 INFO Processed 106200 files...
2025-12-30T17:53:48.443806 INFO Processed 106300 files...
2025-12-30T17:53:48.460387 INFO Processed 106400 files...
2025-12-30T17:53:48.484534 INFO Processed 106500 files...
2025-12-30T17:53:48.508711 INFO Processed 106600 files...
2025-12-30T17:53:48.527140 INFO Processed 106700 files...
2025-12-30T17:53:48.547722 INFO Processed 106800 files...
2025-12-30T17:53:48.567037 INFO Processed 106900 files...
2025-12-30T17:53:48.586340 INFO Processed 107000 files...
2025-12-30T17:53:48.608505 INFO Processed 107100 files...
2025-12-30T17:53:48.636386 INFO Processed 107200 files...
2025-12-30T17:53:48.654505 INFO Processed 107300 files...
2025-12-30T17:53:48.671657 INFO Processed 107400 files...
2025-12-30T17:53:48.688564 INFO Processed 107500 files...
2025-12-30T17:53:48.705518 INFO Processed 107600 files...
2025-12-30T17:53:48.724494 INFO Processed 107700 files...
2025-12-30T17:53:48.741910 INFO Processed 107800 files...
2025-12-30T17:53:48.760170 INFO Processed 107900 files...
2025-12-30T17:53:48.779743 INFO Processed 108000 files...
2025-12-30T17:53:48.795449 INFO Processed 108100 files...
2025-12-30T17:53:48.816979 INFO Processed 108200 files...
2025-12-30T17:53:48.834530 INFO Processed 108300 files...
2025-12-30T17:53:48.851907 INFO Processed 108400 files...
2025-12-30T17:53:48.868559 INFO Processed 108500 files...
2025-12-30T17:53:48.891537 INFO Processed 108600 files...
2025-12-30T17:53:48.908695 INFO Processed 108700 files...
2025-12-30T17:53:48.926114 INFO Processed 108800 files...
2025-12-30T17:53:48.949734 INFO Processed 108900 files...
2025-12-30T17:53:48.967138 INFO Processed 109000 files...
2025-12-30T17:53:48.986243 INFO Processed 109100 files...
2025-12-30T17:53:49.003962 INFO Processed 109200 files...
2025-12-30T17:53:49.021127 INFO Processed 109300 files...
2025-12-30T17:53:49.039697 INFO Processed 109400 files...
2025-12-30T17:53:49.059920 INFO Processed 109500 files...
2025-12-30T17:53:49.086315 INFO Processed 109600 files...
2025-12-30T17:53:49.105966 INFO Processed 109700 files...
2025-12-30T17:53:49.130531 INFO Processed 109800 files...
2025-12-30T17:53:49.508994 INFO Processed 109900 files...
2025-12-30T17:53:49.621470 INFO Processed 110000 files...
2025-12-30T17:53:49.642409 INFO Processed 110100 files...
2025-12-30T17:53:49.667637 INFO Processed 110200 files...
2025-12-30T17:53:49.686827 INFO Processed 110300 files...
2025-12-30T17:53:49.704317 INFO Processed 110400 files...
2025-12-30T17:53:49.721488 INFO Processed 110500 files...
2025-12-30T17:53:49.739686 INFO Processed 110600 files...
2025-12-30T17:53:49.761883 INFO Processed 110700 files...
2025-12-30T17:53:49.780727 INFO Processed 110800 files...
2025-12-30T17:53:49.798063 INFO Processed 110900 files...
2025-12-30T17:53:49.825249 INFO Processed 111000 files...
2025-12-30T17:53:49.843400 INFO Processed 111100 files...
2025-12-30T17:53:49.866308 INFO Processed 111200 files...
2025-12-30T17:53:49.884503 INFO Processed 111300 files...
2025-12-30T17:53:49.902542 INFO Processed 111400 files...
2025-12-30T17:53:49.920923 INFO Processed 111500 files...
2025-12-30T17:53:49.941881 INFO Processed 111600 files...
2025-12-30T17:53:49.959410 INFO Processed 111700 files...
2025-12-30T17:53:49.981736 INFO Processed 111800 files...
2025-12-30T17:53:50.004733 INFO Processed 111900 files...
2025-12-30T17:53:50.023109 INFO Processed 112000 files...
2025-12-30T17:53:50.040221 INFO Processed 112100 files...
2025-12-30T17:53:50.057528 INFO Processed 112200 files...
2025-12-30T17:53:50.077391 INFO Processed 112300 files...
2025-12-30T17:53:50.096451 INFO Processed 112400 files...
2025-12-30T17:53:50.113163 INFO Processed 112500 files...
2025-12-30T17:53:50.136032 INFO Processed 112600 files...
2025-12-30T17:53:50.155363 INFO Processed 112700 files...
2025-12-30T17:53:50.188756 INFO Processed 112800 files...
2025-12-30T17:53:50.209062 INFO Processed 112900 files...
2025-12-30T17:53:50.225189 INFO Processed 113000 files...
2025-12-30T17:53:50.245693 INFO Processed 113100 files...
2025-12-30T17:53:50.262857 INFO Processed 113200 files...
2025-12-30T17:53:50.280033 INFO Processed 113300 files...
2025-12-30T17:53:50.298751 INFO Processed 113400 files...
2025-12-30T17:53:50.318172 INFO Processed 113500 files...
2025-12-30T17:53:50.345010 INFO Processed 113600 files...
2025-12-30T17:53:50.371069 INFO Processed 113700 files...
2025-12-30T17:53:50.395704 INFO Processed 113800 files...
2025-12-30T17:53:50.416524 INFO Processed 113900 files...
2025-12-30T17:53:50.434678 INFO Processed 114000 files...
2025-12-30T17:53:50.450849 INFO Processed 114100 files...
2025-12-30T17:53:50.468085 INFO Processed 114200 files...
2025-12-30T17:53:50.486446 INFO Processed 114300 files...
2025-12-30T17:53:50.507434 INFO Processed 114400 files...
2025-12-30T17:53:50.524498 INFO Processed 114500 files...
2025-12-30T17:53:50.542873 INFO Processed 114600 files...
2025-12-30T17:53:50.559917 INFO Processed 114700 files...
2025-12-30T17:53:50.581986 INFO Processed 114800 files...
2025-12-30T17:53:50.597886 INFO Processed 114900 files...
2025-12-30T17:53:50.616982 INFO Processed 115000 files...
2025-12-30T17:53:50.633078 INFO Processed 115100 files...
2025-12-30T17:53:50.651798 INFO Processed 115200 files...
2025-12-30T17:53:50.669184 INFO Processed 115300 files...
2025-12-30T17:53:50.695368 INFO Processed 115400 files...
2025-12-30T17:53:50.714114 INFO Processed 115500 files...
2025-12-30T17:53:50.730906 INFO Processed 115600 files...
2025-12-30T17:53:50.747820 INFO Processed 115700 files...
2025-12-30T17:53:50.765957 INFO Processed 115800 files...
2025-12-30T17:53:50.791730 INFO Processed 115900 files...
2025-12-30T17:53:50.809783 INFO Processed 116000 files...
2025-12-30T17:53:50.833342 INFO Processed 116100 files...
2025-12-30T17:53:50.853848 INFO Processed 116200 files...
2025-12-30T17:53:50.871514 INFO Processed 116300 files...
2025-12-30T17:53:50.889153 INFO Processed 116400 files...
2025-12-30T17:53:50.906618 INFO Processed 116500 files...
2025-12-30T17:53:50.924357 INFO Processed 116600 files...
2025-12-30T17:53:50.949969 INFO Processed 116700 files...
2025-12-30T17:53:50.967193 INFO Processed 116800 files...
2025-12-30T17:53:50.985678 INFO Processed 116900 files...
2025-12-30T17:53:51.003347 INFO Processed 117000 files...
2025-12-30T17:53:51.021294 INFO Processed 117100 files...
2025-12-30T17:53:51.040680 INFO Processed 117200 files...
2025-12-30T17:53:51.058230 INFO Processed 117300 files...
2025-12-30T17:53:51.077217 INFO Processed 117400 files...
2025-12-30T17:53:51.095359 INFO Processed 117500 files...
2025-12-30T17:53:51.117682 INFO Processed 117600 files...
2025-12-30T17:53:51.138678 INFO Processed 117700 files...
2025-12-30T17:53:51.157228 INFO Processed 117800 files...
2025-12-30T17:53:51.174033 INFO Processed 117900 files...
2025-12-30T17:53:51.195746 INFO Processed 118000 files...
2025-12-30T17:53:51.212520 INFO Processed 118100 files...
2025-12-30T17:53:51.229235 INFO Processed 118200 files...
2025-12-30T17:53:51.252178 INFO Processed 118300 files...
2025-12-30T17:53:51.268680 INFO Processed 118400 files...
2025-12-30T17:53:51.287099 INFO Processed 118500 files...
2025-12-30T17:53:51.311137 INFO Processed 118600 files...
2025-12-30T17:53:51.329858 INFO Processed 118700 files...
2025-12-30T17:53:51.346959 INFO Processed 118800 files...
2025-12-30T17:53:51.363862 INFO Processed 118900 files...
2025-12-30T17:53:51.383945 INFO Processed 119000 files...
2025-12-30T17:53:51.399622 INFO Processed 119100 files...
2025-12-30T17:53:51.416061 INFO Processed 119200 files...
2025-12-30T17:53:51.438198 INFO Processed 119300 files...
2025-12-30T17:53:51.454581 INFO Processed 119400 files...
2025-12-30T17:53:51.471838 INFO Processed 119500 files...
2025-12-30T17:53:51.489375 INFO Processed 119600 files...
2025-12-30T17:53:51.507520 INFO Processed 119700 files...
2025-12-30T17:53:51.525508 INFO Processed 119800 files...
2025-12-30T17:53:51.553151 INFO Processed 119900 files...
2025-12-30T17:53:51.569619 INFO Processed 120000 files...
2025-12-30T17:53:51.594198 INFO Processed 120100 files...
2025-12-30T17:53:51.611315 INFO Processed 120200 files...
2025-12-30T17:53:51.628355 INFO Processed 120300 files...
2025-12-30T17:53:51.645953 INFO Processed 120400 files...
2025-12-30T17:53:51.666514 INFO Processed 120500 files...
2025-12-30T17:53:51.683347 INFO Processed 120600 files...
2025-12-30T17:53:51.711778 INFO Processed 120700 files...
2025-12-30T17:53:51.731895 INFO Processed 120800 files...
2025-12-30T17:53:51.749400 INFO Processed 120900 files...
2025-12-30T17:53:51.775468 INFO Processed 121000 files...
2025-12-30T17:53:51.793331 INFO Processed 121100 files...
2025-12-30T17:53:51.815940 INFO Processed 121200 files...
2025-12-30T17:53:51.834308 INFO Processed 121300 files...
2025-12-30T17:53:51.851666 INFO Processed 121400 files...
2025-12-30T17:53:51.869453 INFO Processed 121500 files...
2025-12-30T17:53:51.886753 INFO Processed 121600 files...
2025-12-30T17:53:51.903640 INFO Processed 121700 files...
2025-12-30T17:53:51.920681 INFO Processed 121800 files...
2025-12-30T17:53:51.946347 INFO Processed 121900 files...
2025-12-30T17:53:51.963748 INFO Processed 122000 files...
2025-12-30T17:53:51.986995 INFO Processed 122100 files...
2025-12-30T17:53:52.003006 INFO Processed 122200 files...
2025-12-30T17:53:52.023285 INFO Processed 122300 files...
2025-12-30T17:53:52.040632 INFO Processed 122400 files...
2025-12-30T17:53:52.060521 INFO Processed 122500 files...
2025-12-30T17:53:52.101539 INFO Processed 122600 files...
2025-12-30T17:53:52.125542 INFO Processed 122700 files...
2025-12-30T17:53:52.166869 INFO Processed 122800 files...
2025-12-30T17:53:52.184609 INFO Processed 122900 files...
2025-12-30T17:53:52.202251 INFO Processed 123000 files...
2025-12-30T17:53:52.236416 INFO Processed 123100 files...
2025-12-30T17:53:52.269179 INFO Processed 123200 files...
2025-12-30T17:53:52.287571 INFO Processed 123300 files...
2025-12-30T17:53:52.303472 INFO Processed 123400 files...
2025-12-30T17:53:52.320820 INFO Processed 123500 files...
2025-12-30T17:53:52.338397 INFO Processed 123600 files...
2025-12-30T17:53:52.364760 INFO Processed 123700 files...
2025-12-30T17:53:52.382406 INFO Processed 123800 files...
2025-12-30T17:53:52.399959 INFO Processed 123900 files...
2025-12-30T17:53:52.424667 INFO Processed 124000 files...
2025-12-30T17:53:52.444311 INFO Processed 124100 files...
2025-12-30T17:53:52.466808 INFO Processed 124200 files...
2025-12-30T17:53:52.487847 INFO Processed 124300 files...
2025-12-30T17:53:52.511731 INFO Processed 124400 files...
2025-12-30T17:53:52.534209 INFO Processed 124500 files...
2025-12-30T17:53:52.542973 INFO CSV generation complete. Processed: 124546, Errors: 0
2025-12-30T17:53:52.544098 INFO Canonical CSV updated: /workspaces/-cpes_csv/cisa_vulnrichment/data/cisa_vulnrichment.csv
2025-12-30T17:53:52.544226 INFO === SCRIPT COMPLETED SUCCESSFULLY ===
