2025-11-19T17:55:37+00:00 INFO Script started
2025-11-19T17:55:37+00:00 INFO Running in TEST mode (5 pages only)
2025-11-19T17:55:37+00:00 INFO Log directory exists: /workspaces/-cpes_csv/cpes/logs
2025-11-19T17:55:37+00:00 INFO Log file: /workspaces/-cpes_csv/cpes/logs/cpes_download_2025-11-19_175537.log
2025-11-19T17:55:37+00:00 INFO Data directory exists: /workspaces/-cpes_csv/cpes/data
2025-11-19T17:55:37+00:00 INFO Created temporary directory: /workspaces/-cpes_csv/cpes/data/temp_13718
2025-11-19T17:55:37+00:00 INFO Target API: https://services.nvd.nist.gov/rest/json/cpes/2.0
2025-11-19T17:55:37+00:00 INFO Output JSON: /workspaces/-cpes_csv/cpes/data/cpes_2025-11-19_175537.json
2025-11-19T17:55:37+00:00 INFO Output TXT: /workspaces/-cpes_csv/cpes/data/cpes_2025-11-19_175537.txt
2025-11-19T17:55:37+00:00 INFO Output CSV: /workspaces/-cpes_csv/cpes/data/cpes_2025-11-19_175537.csv
2025-11-19T17:55:37+00:00 INFO Fetching initial page to determine total CPE count...
2025-11-19T17:55:37+00:00 INFO Total CPE entries available: 1509339
2025-11-19T17:55:37+00:00 INFO TEST MODE: Limiting to 5 pages
2025-11-19T17:55:37+00:00 INFO Number of pages to download: 5
2025-11-19T17:55:37+00:00 INFO Downloading page 1/5 (startIndex: 0, attempt: 1/3)
2025-11-19T17:55:38+00:00 INFO Page 1 downloaded successfully (10000 entries)
2025-11-19T17:55:38+00:00 INFO Appending 10000 entries to output files...
2025-11-19T17:55:38+00:00 INFO Total CPE entries written so far: 10000
2025-11-19T17:55:44+00:00 INFO Downloading page 2/5 (startIndex: 10000, attempt: 1/3)
2025-11-19T17:55:45+00:00 INFO Page 2 downloaded successfully (10000 entries)
2025-11-19T17:55:45+00:00 INFO Appending 10000 entries to output files...
2025-11-19T17:55:45+00:00 INFO Total CPE entries written so far: 20000
2025-11-19T17:55:51+00:00 INFO Downloading page 3/5 (startIndex: 20000, attempt: 1/3)
2025-11-19T17:55:52+00:00 INFO Page 3 downloaded successfully (10000 entries)
2025-11-19T17:55:52+00:00 INFO Appending 10000 entries to output files...
2025-11-19T17:55:52+00:00 INFO Total CPE entries written so far: 30000
2025-11-19T17:55:58+00:00 INFO Downloading page 4/5 (startIndex: 30000, attempt: 1/3)
2025-11-19T17:55:59+00:00 INFO Page 4 downloaded successfully (10000 entries)
2025-11-19T17:55:59+00:00 INFO Appending 10000 entries to output files...
2025-11-19T17:55:59+00:00 INFO Total CPE entries written so far: 40000
2025-11-19T17:56:05+00:00 INFO Downloading page 5/5 (startIndex: 40000, attempt: 1/3)
2025-11-19T17:56:06+00:00 INFO Page 5 downloaded successfully (10000 entries)
2025-11-19T17:56:06+00:00 INFO Appending 10000 entries to output files...
2025-11-19T17:56:07+00:00 INFO Total CPE entries written so far: 50000
2025-11-19T17:56:07+00:00 INFO All pages downloaded successfully
2025-11-19T17:56:07+00:00 INFO JSON file saved: /workspaces/-cpes_csv/cpes/data/cpes_2025-11-19_175537.json (16201530 bytes)
2025-11-19T17:56:07+00:00 INFO TXT file saved: /workspaces/-cpes_csv/cpes/data/cpes_2025-11-19_175537.txt (50000 entries)
2025-11-19T17:56:07+00:00 INFO Waiting 10 seconds before CSV conversion...
2025-11-19T17:56:17+00:00 INFO Converting CPE data to CSV format
2025-11-19T17:56:17+00:00 INFO CSV file saved: /workspaces/-cpes_csv/cpes/data/cpes_2025-11-19_175537.csv (50000 entries, 8753222 bytes)
2025-11-19T17:56:17+00:00 INFO Creating canonical file names...
2025-11-19T17:56:17+00:00 INFO Removed old cpes.json created at 2025-11-19 17:46:56.172773351 +0000
2025-11-19T17:56:17+00:00 INFO Created canonical file: /workspaces/-cpes_csv/cpes/data/cpes.json
2025-11-19T17:56:17+00:00 INFO Removed old cpes.txt created at 2025-11-19 17:46:56.172773351 +0000
2025-11-19T17:56:17+00:00 INFO Created canonical file: /workspaces/-cpes_csv/cpes/data/cpes.txt
2025-11-19T17:56:17+00:00 INFO Removed old cpes.csv created at 2025-11-19 17:47:37.799775281 +0000
2025-11-19T17:56:17+00:00 INFO Created canonical file: /workspaces/-cpes_csv/cpes/data/cpes.csv
2025-11-19T17:56:17+00:00 INFO Removed old timestamped file: /workspaces/-cpes_csv/cpes/data/cpes_2025-11-19_175446.json
2025-11-19T17:56:17+00:00 INFO Removed old timestamped file: /workspaces/-cpes_csv/cpes/data/cpes_2025-11-19_175446.txt
2025-11-19T17:56:17+00:00 INFO Removed old timestamped file: 
2025-11-19T17:56:17+00:00 INFO Script finished successfully
