2025-11-19T17:54:46+00:00 INFO Script started
2025-11-19T17:54:46+00:00 INFO Running in FULL mode (all pages)
2025-11-19T17:54:46+00:00 INFO Log directory exists: /workspaces/-cpes_csv/cpes/logs
2025-11-19T17:54:46+00:00 INFO Log file: /workspaces/-cpes_csv/cpes/logs/cpes_download_2025-11-19_175446.log
2025-11-19T17:54:46+00:00 INFO Data directory exists: /workspaces/-cpes_csv/cpes/data
2025-11-19T17:54:46+00:00 INFO Created temporary directory: /workspaces/-cpes_csv/cpes/data/temp_13160
2025-11-19T17:54:46+00:00 INFO Target API: https://services.nvd.nist.gov/rest/json/cpes/2.0
2025-11-19T17:54:46+00:00 INFO Output JSON: /workspaces/-cpes_csv/cpes/data/cpes_2025-11-19_175446.json
2025-11-19T17:54:46+00:00 INFO Output TXT: /workspaces/-cpes_csv/cpes/data/cpes_2025-11-19_175446.txt
2025-11-19T17:54:46+00:00 INFO Output CSV: /workspaces/-cpes_csv/cpes/data/cpes_2025-11-19_175446.csv
2025-11-19T17:54:46+00:00 INFO Fetching initial page to determine total CPE count...
2025-11-19T17:54:46+00:00 INFO Total CPE entries available: 1509339
2025-11-19T17:54:46+00:00 INFO Number of pages to download: 151
2025-11-19T17:54:46+00:00 INFO Downloading page 1/151 (startIndex: 0, attempt: 1/3)
2025-11-19T17:54:46+00:00 INFO Page 1 downloaded successfully (10000 entries)
2025-11-19T17:54:46+00:00 INFO Appending 10000 entries to output files...
2025-11-19T17:54:47+00:00 INFO Total CPE entries written so far: 10000
2025-11-19T17:54:53+00:00 INFO Downloading page 2/151 (startIndex: 10000, attempt: 1/3)
2025-11-19T17:54:54+00:00 INFO Page 2 downloaded successfully (10000 entries)
2025-11-19T17:54:54+00:00 INFO Appending 10000 entries to output files...
2025-11-19T17:54:54+00:00 INFO Total CPE entries written so far: 20000
2025-11-19T17:55:00+00:00 INFO Downloading page 3/151 (startIndex: 20000, attempt: 1/3)
2025-11-19T17:55:01+00:00 INFO Page 3 downloaded successfully (10000 entries)
2025-11-19T17:55:01+00:00 INFO Appending 10000 entries to output files...
2025-11-19T17:55:01+00:00 INFO Total CPE entries written so far: 30000
2025-11-19T17:55:07+00:00 INFO Downloading page 4/151 (startIndex: 30000, attempt: 1/3)
2025-11-19T17:55:08+00:00 INFO Page 4 downloaded successfully (10000 entries)
2025-11-19T17:55:08+00:00 INFO Appending 10000 entries to output files...
2025-11-19T17:55:08+00:00 INFO Total CPE entries written so far: 40000
2025-11-19T17:55:14+00:00 INFO Downloading page 5/151 (startIndex: 40000, attempt: 1/3)
2025-11-19T17:55:15+00:00 INFO Page 5 downloaded successfully (10000 entries)
2025-11-19T17:55:15+00:00 INFO Appending 10000 entries to output files...
2025-11-19T17:55:15+00:00 INFO Total CPE entries written so far: 50000
2025-11-19T17:55:21+00:00 INFO Downloading page 6/151 (startIndex: 50000, attempt: 1/3)
2025-11-19T17:55:22+00:00 INFO Page 6 downloaded successfully (10000 entries)
2025-11-19T17:55:22+00:00 INFO Appending 10000 entries to output files...
2025-11-19T17:55:22+00:00 INFO Total CPE entries written so far: 60000
